#
# A fatal error has been detected by the Java Runtime Environment:
#
#  EXCEPTION_ACCESS_VIOLATION (0xc0000005) at pc=0x000002733b8ee990, pid=10972, tid=4224
#
# JRE version: Java(TM) SE Runtime Environment (14.0.2+12) (build 14.0.2+12-46)
# Java VM: Java HotSpot(TM) 64-Bit Server VM (14.0.2+12-46, mixed mode, sharing, tiered, compressed oops, g1 gc, windows-amd64)
# Problematic frame:
# C  0x000002733b8ee990
#
# No core dump will be written. Minidumps are not enabled by default on client versions of Windows
#
# If you would like to submit a bug report, please visit:
#   https://bugreport.java.com/bugreport/crash.jsp
# The crash happened outside the Java Virtual Machine in native code.
# See problematic frame for where to report the bug.
#

---------------  S U M M A R Y ------------

Command Line: -javaagent:C:\Program Files\JetBrains\IntelliJ IDEA Community Edition 2020.2\lib\idea_rt.jar=57305:C:\Program Files\JetBrains\IntelliJ IDEA Community Edition 2020.2\bin -Dfile.encoding=UTF-8 game.Main

Host: AMD Ryzen 3 3200G with Radeon Vega Graphics    , 4 cores, 13G,  Windows 10 , 64 bit Build 19041 (10.0.19041.292)
Time: Mon Aug 17 17:15:50 2020 Eastern Daylight Time elapsed time: 2 seconds (0d 0h 0m 2s)

---------------  T H R E A D  ---------------

Current thread (0x000002731661c800):  JavaThread "main" [_thread_in_native, id=4224, stack(0x000000e960400000,0x000000e960500000)]

Stack: [0x000000e960400000,0x000000e960500000],  sp=0x000000e9604fed98,  free space=1019k
Native frames: (J=compiled Java code, j=interpreted, Vv=VM code, C=native code)
C  0x000002733b8ee990

Java frames: (J=compiled Java code, j=interpreted, Vv=VM code)
j  org.lwjgl.opengl.GL30C.nglDeleteVertexArrays(IJ)V+0
j  org.lwjgl.opengl.GL30C.glDeleteVertexArrays(I)V+20
j  org.lwjgl.opengl.GL30.glDeleteVertexArrays(I)V+1
j  engine.graph.Mesh.cleanUp()V+39
j  game.DummyGame.cleanup()V+11
j  engine.GameEngine.cleanup()V+4
j  engine.GameEngine.run()V+9
j  game.Main.main([Ljava/lang/String;)V+29
v  ~StubRoutines::call_stub

siginfo: EXCEPTION_ACCESS_VIOLATION (0xc0000005), data execution prevention violation at address 0x000002733b8ee990


Register to memory mapping:

RIP=0x000002733b8ee990 points into unknown readable memory: 90 e9 8e 3b 73 02 00 00
RAX=0x000002733b8ee990 points into unknown readable memory: 90 e9 8e 3b 73 02 00 00
RBX=0x000002733b84e770 points into unknown readable memory: 60 5c 60 3b 73 02 00 00
RCX=0x000002733b8ee990 points into unknown readable memory: 90 e9 8e 3b 73 02 00 00
RDX=0x000002733b16df60 points into unknown readable memory: 60 ff db af f9 7f 00 00
RSP=0x000000e9604fed98 is pointing into the stack for thread: 0x000002731661c800
RBP=0x0000000000000001 is an unknown value
RSI=0x000002733af23e90 points into unknown readable memory: 60 65 e2 3a 73 02 00 00
RDI=0x000002733b16df60 points into unknown readable memory: 60 ff db af f9 7f 00 00
R8 =0x0000000000000019 is an unknown value
R9 =0x0 is NULL
R10=0x0000000000008000 is an unknown value
R11=0x000000e9604fed10 is pointing into the stack for thread: 0x000002731661c800
R12=0x0 is NULL
R13={method} {0x0000027338f20af0} 'nglDeleteVertexArrays' '(IJ)V' in 'org/lwjgl/opengl/GL30C'
R14=0x000002733b1739f0 points into unknown readable memory: 00 02 00 00 01 00 00 00
R15=0x0 is NULL


Registers:
RAX=0x000002733b8ee990, RBX=0x000002733b84e770, RCX=0x000002733b8ee990, RDX=0x000002733b16df60
RSP=0x000000e9604fed98, RBP=0x0000000000000001, RSI=0x000002733af23e90, RDI=0x000002733b16df60
R8 =0x0000000000000019, R9 =0x0000000000000000, R10=0x0000000000008000, R11=0x000000e9604fed10
R12=0x0000000000000000, R13=0x0000027338f20ae8, R14=0x000002733b1739f0, R15=0x0000000000000000
RIP=0x000002733b8ee990, EFLAGS=0x0000000000010246

Top of Stack: (sp=0x000000e9604fed98)
0x000000e9604fed98:   00007ff9aea1fd9e 000002733b84e770
0x000000e9604feda8:   00007ff9aea211a7 0000027338f20a01
0x000000e9604fedb8:   000000e900000000 000002730000fffc
0x000000e9604fedc8:   000002731661c800 000002733876d130
0x000000e9604fedd8:   00007ff9aea1087f 000002733b84e770
0x000000e9604fede8:   0000000000000000 0000000000000000
0x000000e9604fedf8:   0000000000000000 000002733af23e90
0x000000e9604fee08:   00007ff9ae9ef766 000002733af804d0
0x000000e9604fee18:   000002733876d130 000002733b173b78
0x000000e9604fee28:   000002733af23e90 000002733b1739f0
0x000000e9604fee38:   000002733af23e90 000002733af804d0
0x000000e9604fee48:   00007ff9ae9edb31 000002733b173b78
0x000000e9604fee58:   000002733b961780 0000000000000001
0x000000e9604fee68:   000000072de1eb50 000002733b961780
0x000000e9604fee78:   00007ff9aec72525 000002733af804d0
0x000000e9604fee88:   0000000000000001 000002733b173b78 

Instructions: (pc=0x000002733b8ee990)
0x000002733b8ee890:   02 00 26 00 f0 93 6a 61 76 61 2f 75 74 69 6c 2f
0x000002733b8ee8a0:   73 74 72 65 61 6d 2f 43 6f 6c 6c 65 63 74 6f 72
0x000002733b8ee8b0:   73 24 24 4c 61 6d 62 64 61 24 34 39 73 02 00 00
0x000002733b8ee8c0:   e0 de 8e 3b 73 02 00 00 09 a1 0c 0d 00 b2 00 90
0x000002733b8ee8d0:   58 34 dc af f9 7f 00 00 00 00 00 00 67 6c 5f 6f
0x000002733b8ee8e0:   19 00 00 00 6c 5f 47 4c 90 bb 8f 3b 73 02 00 00
0x000002733b8ee8f0:   00 00 00 00 00 00 00 00 61 5f 5f 49 48 4a 49 00
0x000002733b8ee900:   49 4a 00 3b 73 02 00 00 15 a1 00 0d 73 b3 00 88
0x000002733b8ee910:   01 00 31 00 a2 1a 4c 6f 72 67 2f 6c 77 6a 67 6c
0x000002733b8ee920:   2f 6f 70 65 6e 67 6c 2f 4e 56 41 6c 70 68 61 54
0x000002733b8ee930:   6f 43 6f 76 65 72 61 67 65 44 69 74 68 65 72 43
0x000002733b8ee940:   6f 6e 74 72 6f 6c 3b 00 11 a1 04 0d f9 b4 00 90
0x000002733b8ee950:   58 34 dc af f9 7f 00 00 00 00 00 00 67 6c 5f 6f
0x000002733b8ee960:   19 00 00 00 6c 5f 47 4c c0 c2 8f 3b 73 02 00 00
0x000002733b8ee970:   00 00 00 00 00 00 00 00 72 69 62 50 68 69 6e 74
0x000002733b8ee980:   65 72 00 61 79 00 00 00 1d a1 38 0d 01 b5 00 90
0x000002733b8ee990:   90 e9 8e 3b 73 02 00 00 90 e9 8e 3b 73 02 00 00
0x000002733b8ee9a0:   90 e9 8e 3b 73 02 00 00 01 01 43 5f 67 6c 55 73
0x000002733b8ee9b0:   65 50 72 6f 67 72 61 6d 00 00 00 3f 00 00 00 3f
0x000002733b8ee9c0:   02 00 00 00 00 00 00 00 19 a1 3c 0d 00 b6 00 90
0x000002733b8ee9d0:   02 00 27 00 6c 34 28 4c 6a 61 76 61 2f 6c 61 6e
0x000002733b8ee9e0:   67 2f 53 74 72 69 6e 67 3b 29 4c 6a 61 76 61 2f
0x000002733b8ee9f0:   75 74 69 6c 2f 53 63 61 6e 6e 65 72 3b 02 00 00
0x000002733b8eea00:   b0 c3 8e 3b 73 02 00 00 25 a1 30 0d 00 b7 00 90
0x000002733b8eea10:   01 00 28 00 54 f6 47 4c 5f 54 45 58 54 55 52 45
0x000002733b8eea20:   5f 42 55 46 46 45 52 5f 44 41 54 41 5f 53 54 4f
0x000002733b8eea30:   52 45 5f 42 49 4e 44 49 4e 47 5f 45 58 54 00 00
0x000002733b8eea40:   c0 c2 8e 3b 73 02 00 00 21 a1 34 0d 73 b8 00 90
0x000002733b8eea50:   01 00 29 00 8b d2 4c 6f 72 67 2f 6c 77 6a 67 6c
0x000002733b8eea60:   2f 6f 70 65 6e 67 6c 2f 45 58 54 54 65 78 74 75
0x000002733b8eea70:   72 65 42 75 66 66 65 72 4f 62 6a 65 63 74 3b 00
0x000002733b8eea80:   30 0b d2 9f f9 7f 00 00 2d a1 28 0d f9 b9 00 90 


Stack slot to memory mapping:
stack at sp + 0 slots: 0x00007ff9aea1fd9e atio6axx.dll
stack at sp + 1 slots: 0x000002733b84e770 points into unknown readable memory: 60 5c 60 3b 73 02 00 00
stack at sp + 2 slots: 0x00007ff9aea211a7 atio6axx.dll
stack at sp + 3 slots: 0x0000027338f20a01 is pointing into metadata
stack at sp + 4 slots: 0x000000e900000000 is an unknown value
stack at sp + 5 slots: 0x000002730000fffc is an unknown value
stack at sp + 6 slots: 0x000002731661c800 is a thread
stack at sp + 7 slots: 0x000002733876d130 points into unknown readable memory: 58 ce da af f9 7f 00 00


---------------  P R O C E S S  ---------------

Threads class SMR info:
_java_thread_list=0x000002733b35feb0, length=13, elements={
0x000002731661c800, 0x000002733874d800, 0x000002733874f800, 0x0000027338763800,
0x0000027338766800, 0x0000027338767800, 0x000002733876b800, 0x000002733876e800,
0x00000273387ad800, 0x000002733872f800, 0x0000027339301800, 0x0000027339302000,
0x000002733b3b5000
}

Java Threads: ( => current thread )
=>0x000002731661c800 JavaThread "main" [_thread_in_native, id=4224, stack(0x000000e960400000,0x000000e960500000)]
  0x000002733874d800 JavaThread "Reference Handler" daemon [_thread_blocked, id=11328, stack(0x000000e960b00000,0x000000e960c00000)]
  0x000002733874f800 JavaThread "Finalizer" daemon [_thread_blocked, id=9668, stack(0x000000e960c00000,0x000000e960d00000)]
  0x0000027338763800 JavaThread "Signal Dispatcher" daemon [_thread_blocked, id=14140, stack(0x000000e960d00000,0x000000e960e00000)]
  0x0000027338766800 JavaThread "Attach Listener" daemon [_thread_blocked, id=12204, stack(0x000000e960e00000,0x000000e960f00000)]
  0x0000027338767800 JavaThread "Service Thread" daemon [_thread_blocked, id=14188, stack(0x000000e960f00000,0x000000e961000000)]
  0x000002733876b800 JavaThread "C2 CompilerThread0" daemon [_thread_blocked, id=13404, stack(0x000000e961000000,0x000000e961100000)]
  0x000002733876e800 JavaThread "C1 CompilerThread0" daemon [_thread_blocked, id=1944, stack(0x000000e961100000,0x000000e961200000)]
  0x00000273387ad800 JavaThread "Sweeper thread" daemon [_thread_blocked, id=12724, stack(0x000000e961200000,0x000000e961300000)]
  0x000002733872f800 JavaThread "Common-Cleaner" daemon [_thread_blocked, id=10796, stack(0x000000e961300000,0x000000e961400000)]
  0x0000027339301800 JavaThread "Monitor Ctrl-Break" daemon [_thread_in_native, id=4808, stack(0x000000e961400000,0x000000e961500000)]
  0x0000027339302000 JavaThread "Notification Thread" daemon [_thread_blocked, id=9356, stack(0x000000e961500000,0x000000e961600000)]
  0x000002733b3b5000 JavaThread "C2 CompilerThread1" daemon [_thread_blocked, id=9460, stack(0x000000e961a00000,0x000000e961b00000)]

Other Threads:
  0x000002733874c000 VMThread "VM Thread" [stack: 0x000000e960a00000,0x000000e960b00000] [id=11404]
  0x00000273391bf800 WatcherThread [stack: 0x000000e961600000,0x000000e961700000] [id=8060]
  0x0000027316679800 GCTaskThread "GC Thread#0" [stack: 0x000000e960500000,0x000000e960600000] [id=10260]
  0x000002733b39f800 GCTaskThread "GC Thread#1" [stack: 0x000000e961b00000,0x000000e961c00000] [id=6232]
  0x000002733b396000 GCTaskThread "GC Thread#2" [stack: 0x000000e961c00000,0x000000e961d00000] [id=4948]
  0x000002733b7e1000 GCTaskThread "GC Thread#3" [stack: 0x000000e961d00000,0x000000e961e00000] [id=4784]
  0x0000027316699000 ConcurrentGCThread "G1 Main Marker" [stack: 0x000000e960600000,0x000000e960700000] [id=2484]
  0x000002731669a000 ConcurrentGCThread "G1 Conc#0" [stack: 0x000000e960700000,0x000000e960800000] [id=12904]
  0x000002733862c800 ConcurrentGCThread "G1 Refine#0" [stack: 0x000000e960800000,0x000000e960900000] [id=7096]
  0x000002733862e800 ConcurrentGCThread "G1 Young RemSet Sampling" [stack: 0x000000e960900000,0x000000e960a00000] [id=13040]

Threads with active compile tasks:

VM state:not at safepoint (normal execution)

VM Mutex/Monitor currently owned by a thread: None

Heap address: 0x0000000720c00000, size: 3572 MB, Compressed Oops mode: Zero based, Oop shift amount: 3
Narrow klass base: 0x0000000800000000, Narrow klass shift: 3
Compressed class space size: 1073741824 Address: 0x0000000800b30000

Heap:
 garbage-first heap   total 229376K, used 7710K [0x0000000720c00000, 0x0000000800000000)
  region size 1024K, 8 young (8192K), 2 survivors (2048K)
 Metaspace       used 5707K, capacity 8241K, committed 8320K, reserved 1056768K
  class space    used 343K, capacity 628K, committed 640K, reserved 1048576K
Heap Regions: E=young(eden), S=young(survivor), O=old, HS=humongous(starts), HC=humongous(continues), CS=collection set, F=free, OA=open archive, CA=closed archive, TAMS=top-at-mark-start (previous, next)
|   0|0x0000000720c00000, 0x0000000720c87800, 0x0000000720d00000| 52%| O|  |TAMS 0x0000000720c00000, 0x0000000720c00000| Untracked 
|   1|0x0000000720d00000, 0x0000000720d00000, 0x0000000720e00000|  0%| F|  |TAMS 0x0000000720d00000, 0x0000000720d00000| Untracked 
|   2|0x0000000720e00000, 0x0000000720e00000, 0x0000000720f00000|  0%| F|  |TAMS 0x0000000720e00000, 0x0000000720e00000| Untracked 
|   3|0x0000000720f00000, 0x0000000720f00000, 0x0000000721000000|  0%| F|  |TAMS 0x0000000720f00000, 0x0000000720f00000| Untracked 
|   4|0x0000000721000000, 0x0000000721000000, 0x0000000721100000|  0%| F|  |TAMS 0x0000000721000000, 0x0000000721000000| Untracked 
|   5|0x0000000721100000, 0x0000000721100000, 0x0000000721200000|  0%| F|  |TAMS 0x0000000721100000, 0x0000000721100000| Untracked 
|   6|0x0000000721200000, 0x0000000721200000, 0x0000000721300000|  0%| F|  |TAMS 0x0000000721200000, 0x0000000721200000| Untracked 
|   7|0x0000000721300000, 0x0000000721300000, 0x0000000721400000|  0%| F|  |TAMS 0x0000000721300000, 0x0000000721300000| Untracked 
|   8|0x0000000721400000, 0x0000000721400000, 0x0000000721500000|  0%| F|  |TAMS 0x0000000721400000, 0x0000000721400000| Untracked 
|   9|0x0000000721500000, 0x0000000721500000, 0x0000000721600000|  0%| F|  |TAMS 0x0000000721500000, 0x0000000721500000| Untracked 
|  10|0x0000000721600000, 0x0000000721600000, 0x0000000721700000|  0%| F|  |TAMS 0x0000000721600000, 0x0000000721600000| Untracked 
|  11|0x0000000721700000, 0x0000000721700000, 0x0000000721800000|  0%| F|  |TAMS 0x0000000721700000, 0x0000000721700000| Untracked 
|  12|0x0000000721800000, 0x0000000721800000, 0x0000000721900000|  0%| F|  |TAMS 0x0000000721800000, 0x0000000721800000| Untracked 
|  13|0x0000000721900000, 0x0000000721900000, 0x0000000721a00000|  0%| F|  |TAMS 0x0000000721900000, 0x0000000721900000| Untracked 
|  14|0x0000000721a00000, 0x0000000721a00000, 0x0000000721b00000|  0%| F|  |TAMS 0x0000000721a00000, 0x0000000721a00000| Untracked 
|  15|0x0000000721b00000, 0x0000000721b00000, 0x0000000721c00000|  0%| F|  |TAMS 0x0000000721b00000, 0x0000000721b00000| Untracked 
|  16|0x0000000721c00000, 0x0000000721c00000, 0x0000000721d00000|  0%| F|  |TAMS 0x0000000721c00000, 0x0000000721c00000| Untracked 
|  17|0x0000000721d00000, 0x0000000721d00000, 0x0000000721e00000|  0%| F|  |TAMS 0x0000000721d00000, 0x0000000721d00000| Untracked 
|  18|0x0000000721e00000, 0x0000000721e00000, 0x0000000721f00000|  0%| F|  |TAMS 0x0000000721e00000, 0x0000000721e00000| Untracked 
|  19|0x0000000721f00000, 0x0000000721f00000, 0x0000000722000000|  0%| F|  |TAMS 0x0000000721f00000, 0x0000000721f00000| Untracked 
|  20|0x0000000722000000, 0x0000000722000000, 0x0000000722100000|  0%| F|  |TAMS 0x0000000722000000, 0x0000000722000000| Untracked 
|  21|0x0000000722100000, 0x0000000722100000, 0x0000000722200000|  0%| F|  |TAMS 0x0000000722100000, 0x0000000722100000| Untracked 
|  22|0x0000000722200000, 0x0000000722200000, 0x0000000722300000|  0%| F|  |TAMS 0x0000000722200000, 0x0000000722200000| Untracked 
|  23|0x0000000722300000, 0x0000000722300000, 0x0000000722400000|  0%| F|  |TAMS 0x0000000722300000, 0x0000000722300000| Untracked 
|  24|0x0000000722400000, 0x0000000722400000, 0x0000000722500000|  0%| F|  |TAMS 0x0000000722400000, 0x0000000722400000| Untracked 
|  25|0x0000000722500000, 0x0000000722500000, 0x0000000722600000|  0%| F|  |TAMS 0x0000000722500000, 0x0000000722500000| Untracked 
|  26|0x0000000722600000, 0x0000000722600000, 0x0000000722700000|  0%| F|  |TAMS 0x0000000722600000, 0x0000000722600000| Untracked 
|  27|0x0000000722700000, 0x0000000722700000, 0x0000000722800000|  0%| F|  |TAMS 0x0000000722700000, 0x0000000722700000| Untracked 
|  28|0x0000000722800000, 0x0000000722800000, 0x0000000722900000|  0%| F|  |TAMS 0x0000000722800000, 0x0000000722800000| Untracked 
|  29|0x0000000722900000, 0x0000000722900000, 0x0000000722a00000|  0%| F|  |TAMS 0x0000000722900000, 0x0000000722900000| Untracked 
|  30|0x0000000722a00000, 0x0000000722a00000, 0x0000000722b00000|  0%| F|  |TAMS 0x0000000722a00000, 0x0000000722a00000| Untracked 
|  31|0x0000000722b00000, 0x0000000722b00000, 0x0000000722c00000|  0%| F|  |TAMS 0x0000000722b00000, 0x0000000722b00000| Untracked 
|  32|0x0000000722c00000, 0x0000000722c00000, 0x0000000722d00000|  0%| F|  |TAMS 0x0000000722c00000, 0x0000000722c00000| Untracked 
|  33|0x0000000722d00000, 0x0000000722d00000, 0x0000000722e00000|  0%| F|  |TAMS 0x0000000722d00000, 0x0000000722d00000| Untracked 
|  34|0x0000000722e00000, 0x0000000722e00000, 0x0000000722f00000|  0%| F|  |TAMS 0x0000000722e00000, 0x0000000722e00000| Untracked 
|  35|0x0000000722f00000, 0x0000000722f00000, 0x0000000723000000|  0%| F|  |TAMS 0x0000000722f00000, 0x0000000722f00000| Untracked 
|  36|0x0000000723000000, 0x0000000723000000, 0x0000000723100000|  0%| F|  |TAMS 0x0000000723000000, 0x0000000723000000| Untracked 
|  37|0x0000000723100000, 0x0000000723100000, 0x0000000723200000|  0%| F|  |TAMS 0x0000000723100000, 0x0000000723100000| Untracked 
|  38|0x0000000723200000, 0x0000000723200000, 0x0000000723300000|  0%| F|  |TAMS 0x0000000723200000, 0x0000000723200000| Untracked 
|  39|0x0000000723300000, 0x0000000723300000, 0x0000000723400000|  0%| F|  |TAMS 0x0000000723300000, 0x0000000723300000| Untracked 
|  40|0x0000000723400000, 0x0000000723400000, 0x0000000723500000|  0%| F|  |TAMS 0x0000000723400000, 0x0000000723400000| Untracked 
|  41|0x0000000723500000, 0x0000000723500000, 0x0000000723600000|  0%| F|  |TAMS 0x0000000723500000, 0x0000000723500000| Untracked 
|  42|0x0000000723600000, 0x0000000723600000, 0x0000000723700000|  0%| F|  |TAMS 0x0000000723600000, 0x0000000723600000| Untracked 
|  43|0x0000000723700000, 0x0000000723700000, 0x0000000723800000|  0%| F|  |TAMS 0x0000000723700000, 0x0000000723700000| Untracked 
|  44|0x0000000723800000, 0x0000000723800000, 0x0000000723900000|  0%| F|  |TAMS 0x0000000723800000, 0x0000000723800000| Untracked 
|  45|0x0000000723900000, 0x0000000723900000, 0x0000000723a00000|  0%| F|  |TAMS 0x0000000723900000, 0x0000000723900000| Untracked 
|  46|0x0000000723a00000, 0x0000000723a00000, 0x0000000723b00000|  0%| F|  |TAMS 0x0000000723a00000, 0x0000000723a00000| Untracked 
|  47|0x0000000723b00000, 0x0000000723b00000, 0x0000000723c00000|  0%| F|  |TAMS 0x0000000723b00000, 0x0000000723b00000| Untracked 
|  48|0x0000000723c00000, 0x0000000723c00000, 0x0000000723d00000|  0%| F|  |TAMS 0x0000000723c00000, 0x0000000723c00000| Untracked 
|  49|0x0000000723d00000, 0x0000000723d00000, 0x0000000723e00000|  0%| F|  |TAMS 0x0000000723d00000, 0x0000000723d00000| Untracked 
|  50|0x0000000723e00000, 0x0000000723e00000, 0x0000000723f00000|  0%| F|  |TAMS 0x0000000723e00000, 0x0000000723e00000| Untracked 
|  51|0x0000000723f00000, 0x0000000723f00000, 0x0000000724000000|  0%| F|  |TAMS 0x0000000723f00000, 0x0000000723f00000| Untracked 
|  52|0x0000000724000000, 0x0000000724000000, 0x0000000724100000|  0%| F|  |TAMS 0x0000000724000000, 0x0000000724000000| Untracked 
|  53|0x0000000724100000, 0x0000000724100000, 0x0000000724200000|  0%| F|  |TAMS 0x0000000724100000, 0x0000000724100000| Untracked 
|  54|0x0000000724200000, 0x0000000724200000, 0x0000000724300000|  0%| F|  |TAMS 0x0000000724200000, 0x0000000724200000| Untracked 
|  55|0x0000000724300000, 0x0000000724300000, 0x0000000724400000|  0%| F|  |TAMS 0x0000000724300000, 0x0000000724300000| Untracked 
|  56|0x0000000724400000, 0x0000000724400000, 0x0000000724500000|  0%| F|  |TAMS 0x0000000724400000, 0x0000000724400000| Untracked 
|  57|0x0000000724500000, 0x0000000724500000, 0x0000000724600000|  0%| F|  |TAMS 0x0000000724500000, 0x0000000724500000| Untracked 
|  58|0x0000000724600000, 0x0000000724600000, 0x0000000724700000|  0%| F|  |TAMS 0x0000000724600000, 0x0000000724600000| Untracked 
|  59|0x0000000724700000, 0x0000000724700000, 0x0000000724800000|  0%| F|  |TAMS 0x0000000724700000, 0x0000000724700000| Untracked 
|  60|0x0000000724800000, 0x0000000724800000, 0x0000000724900000|  0%| F|  |TAMS 0x0000000724800000, 0x0000000724800000| Untracked 
|  61|0x0000000724900000, 0x0000000724900000, 0x0000000724a00000|  0%| F|  |TAMS 0x0000000724900000, 0x0000000724900000| Untracked 
|  62|0x0000000724a00000, 0x0000000724a00000, 0x0000000724b00000|  0%| F|  |TAMS 0x0000000724a00000, 0x0000000724a00000| Untracked 
|  63|0x0000000724b00000, 0x0000000724b00000, 0x0000000724c00000|  0%| F|  |TAMS 0x0000000724b00000, 0x0000000724b00000| Untracked 
|  64|0x0000000724c00000, 0x0000000724c00000, 0x0000000724d00000|  0%| F|  |TAMS 0x0000000724c00000, 0x0000000724c00000| Untracked 
|  65|0x0000000724d00000, 0x0000000724d00000, 0x0000000724e00000|  0%| F|  |TAMS 0x0000000724d00000, 0x0000000724d00000| Untracked 
|  66|0x0000000724e00000, 0x0000000724e00000, 0x0000000724f00000|  0%| F|  |TAMS 0x0000000724e00000, 0x0000000724e00000| Untracked 
|  67|0x0000000724f00000, 0x0000000724f00000, 0x0000000725000000|  0%| F|  |TAMS 0x0000000724f00000, 0x0000000724f00000| Untracked 
|  68|0x0000000725000000, 0x0000000725000000, 0x0000000725100000|  0%| F|  |TAMS 0x0000000725000000, 0x0000000725000000| Untracked 
|  69|0x0000000725100000, 0x0000000725100000, 0x0000000725200000|  0%| F|  |TAMS 0x0000000725100000, 0x0000000725100000| Untracked 
|  70|0x0000000725200000, 0x0000000725200000, 0x0000000725300000|  0%| F|  |TAMS 0x0000000725200000, 0x0000000725200000| Untracked 
|  71|0x0000000725300000, 0x0000000725300000, 0x0000000725400000|  0%| F|  |TAMS 0x0000000725300000, 0x0000000725300000| Untracked 
|  72|0x0000000725400000, 0x0000000725400000, 0x0000000725500000|  0%| F|  |TAMS 0x0000000725400000, 0x0000000725400000| Untracked 
|  73|0x0000000725500000, 0x0000000725500000, 0x0000000725600000|  0%| F|  |TAMS 0x0000000725500000, 0x0000000725500000| Untracked 
|  74|0x0000000725600000, 0x0000000725600000, 0x0000000725700000|  0%| F|  |TAMS 0x0000000725600000, 0x0000000725600000| Untracked 
|  75|0x0000000725700000, 0x0000000725700000, 0x0000000725800000|  0%| F|  |TAMS 0x0000000725700000, 0x0000000725700000| Untracked 
|  76|0x0000000725800000, 0x0000000725800000, 0x0000000725900000|  0%| F|  |TAMS 0x0000000725800000, 0x0000000725800000| Untracked 
|  77|0x0000000725900000, 0x0000000725900000, 0x0000000725a00000|  0%| F|  |TAMS 0x0000000725900000, 0x0000000725900000| Untracked 
|  78|0x0000000725a00000, 0x0000000725a00000, 0x0000000725b00000|  0%| F|  |TAMS 0x0000000725a00000, 0x0000000725a00000| Untracked 
|  79|0x0000000725b00000, 0x0000000725b00000, 0x0000000725c00000|  0%| F|  |TAMS 0x0000000725b00000, 0x0000000725b00000| Untracked 
|  80|0x0000000725c00000, 0x0000000725c00000, 0x0000000725d00000|  0%| F|  |TAMS 0x0000000725c00000, 0x0000000725c00000| Untracked 
|  81|0x0000000725d00000, 0x0000000725d00000, 0x0000000725e00000|  0%| F|  |TAMS 0x0000000725d00000, 0x0000000725d00000| Untracked 
|  82|0x0000000725e00000, 0x0000000725e00000, 0x0000000725f00000|  0%| F|  |TAMS 0x0000000725e00000, 0x0000000725e00000| Untracked 
|  83|0x0000000725f00000, 0x0000000725f00000, 0x0000000726000000|  0%| F|  |TAMS 0x0000000725f00000, 0x0000000725f00000| Untracked 
|  84|0x0000000726000000, 0x0000000726000000, 0x0000000726100000|  0%| F|  |TAMS 0x0000000726000000, 0x0000000726000000| Untracked 
|  85|0x0000000726100000, 0x0000000726100000, 0x0000000726200000|  0%| F|  |TAMS 0x0000000726100000, 0x0000000726100000| Untracked 
|  86|0x0000000726200000, 0x0000000726200000, 0x0000000726300000|  0%| F|  |TAMS 0x0000000726200000, 0x0000000726200000| Untracked 
|  87|0x0000000726300000, 0x0000000726300000, 0x0000000726400000|  0%| F|  |TAMS 0x0000000726300000, 0x0000000726300000| Untracked 
|  88|0x0000000726400000, 0x0000000726400000, 0x0000000726500000|  0%| F|  |TAMS 0x0000000726400000, 0x0000000726400000| Untracked 
|  89|0x0000000726500000, 0x0000000726500000, 0x0000000726600000|  0%| F|  |TAMS 0x0000000726500000, 0x0000000726500000| Untracked 
|  90|0x0000000726600000, 0x0000000726600000, 0x0000000726700000|  0%| F|  |TAMS 0x0000000726600000, 0x0000000726600000| Untracked 
|  91|0x0000000726700000, 0x0000000726700000, 0x0000000726800000|  0%| F|  |TAMS 0x0000000726700000, 0x0000000726700000| Untracked 
|  92|0x0000000726800000, 0x0000000726800000, 0x0000000726900000|  0%| F|  |TAMS 0x0000000726800000, 0x0000000726800000| Untracked 
|  93|0x0000000726900000, 0x0000000726900000, 0x0000000726a00000|  0%| F|  |TAMS 0x0000000726900000, 0x0000000726900000| Untracked 
|  94|0x0000000726a00000, 0x0000000726a00000, 0x0000000726b00000|  0%| F|  |TAMS 0x0000000726a00000, 0x0000000726a00000| Untracked 
|  95|0x0000000726b00000, 0x0000000726b00000, 0x0000000726c00000|  0%| F|  |TAMS 0x0000000726b00000, 0x0000000726b00000| Untracked 
|  96|0x0000000726c00000, 0x0000000726c00000, 0x0000000726d00000|  0%| F|  |TAMS 0x0000000726c00000, 0x0000000726c00000| Untracked 
|  97|0x0000000726d00000, 0x0000000726d00000, 0x0000000726e00000|  0%| F|  |TAMS 0x0000000726d00000, 0x0000000726d00000| Untracked 
|  98|0x0000000726e00000, 0x0000000726e00000, 0x0000000726f00000|  0%| F|  |TAMS 0x0000000726e00000, 0x0000000726e00000| Untracked 
|  99|0x0000000726f00000, 0x0000000726f00000, 0x0000000727000000|  0%| F|  |TAMS 0x0000000726f00000, 0x0000000726f00000| Untracked 
| 100|0x0000000727000000, 0x0000000727000000, 0x0000000727100000|  0%| F|  |TAMS 0x0000000727000000, 0x0000000727000000| Untracked 
| 101|0x0000000727100000, 0x0000000727100000, 0x0000000727200000|  0%| F|  |TAMS 0x0000000727100000, 0x0000000727100000| Untracked 
| 102|0x0000000727200000, 0x0000000727200000, 0x0000000727300000|  0%| F|  |TAMS 0x0000000727200000, 0x0000000727200000| Untracked 
| 103|0x0000000727300000, 0x0000000727300000, 0x0000000727400000|  0%| F|  |TAMS 0x0000000727300000, 0x0000000727300000| Untracked 
| 104|0x0000000727400000, 0x0000000727400000, 0x0000000727500000|  0%| F|  |TAMS 0x0000000727400000, 0x0000000727400000| Untracked 
| 105|0x0000000727500000, 0x0000000727500000, 0x0000000727600000|  0%| F|  |TAMS 0x0000000727500000, 0x0000000727500000| Untracked 
| 106|0x0000000727600000, 0x0000000727600000, 0x0000000727700000|  0%| F|  |TAMS 0x0000000727600000, 0x0000000727600000| Untracked 
| 107|0x0000000727700000, 0x0000000727700000, 0x0000000727800000|  0%| F|  |TAMS 0x0000000727700000, 0x0000000727700000| Untracked 
| 108|0x0000000727800000, 0x0000000727800000, 0x0000000727900000|  0%| F|  |TAMS 0x0000000727800000, 0x0000000727800000| Untracked 
| 109|0x0000000727900000, 0x0000000727900000, 0x0000000727a00000|  0%| F|  |TAMS 0x0000000727900000, 0x0000000727900000| Untracked 
| 110|0x0000000727a00000, 0x0000000727a00000, 0x0000000727b00000|  0%| F|  |TAMS 0x0000000727a00000, 0x0000000727a00000| Untracked 
| 111|0x0000000727b00000, 0x0000000727b00000, 0x0000000727c00000|  0%| F|  |TAMS 0x0000000727b00000, 0x0000000727b00000| Untracked 
| 112|0x0000000727c00000, 0x0000000727c00000, 0x0000000727d00000|  0%| F|  |TAMS 0x0000000727c00000, 0x0000000727c00000| Untracked 
| 113|0x0000000727d00000, 0x0000000727d00000, 0x0000000727e00000|  0%| F|  |TAMS 0x0000000727d00000, 0x0000000727d00000| Untracked 
| 114|0x0000000727e00000, 0x0000000727e00000, 0x0000000727f00000|  0%| F|  |TAMS 0x0000000727e00000, 0x0000000727e00000| Untracked 
| 115|0x0000000727f00000, 0x0000000727f00000, 0x0000000728000000|  0%| F|  |TAMS 0x0000000727f00000, 0x0000000727f00000| Untracked 
| 116|0x0000000728000000, 0x0000000728000000, 0x0000000728100000|  0%| F|  |TAMS 0x0000000728000000, 0x0000000728000000| Untracked 
| 117|0x0000000728100000, 0x0000000728100000, 0x0000000728200000|  0%| F|  |TAMS 0x0000000728100000, 0x0000000728100000| Untracked 
| 118|0x0000000728200000, 0x0000000728200000, 0x0000000728300000|  0%| F|  |TAMS 0x0000000728200000, 0x0000000728200000| Untracked 
| 119|0x0000000728300000, 0x0000000728300000, 0x0000000728400000|  0%| F|  |TAMS 0x0000000728300000, 0x0000000728300000| Untracked 
| 120|0x0000000728400000, 0x0000000728400000, 0x0000000728500000|  0%| F|  |TAMS 0x0000000728400000, 0x0000000728400000| Untracked 
| 121|0x0000000728500000, 0x0000000728500000, 0x0000000728600000|  0%| F|  |TAMS 0x0000000728500000, 0x0000000728500000| Untracked 
| 122|0x0000000728600000, 0x0000000728600000, 0x0000000728700000|  0%| F|  |TAMS 0x0000000728600000, 0x0000000728600000| Untracked 
| 123|0x0000000728700000, 0x0000000728700000, 0x0000000728800000|  0%| F|  |TAMS 0x0000000728700000, 0x0000000728700000| Untracked 
| 124|0x0000000728800000, 0x0000000728800000, 0x0000000728900000|  0%| F|  |TAMS 0x0000000728800000, 0x0000000728800000| Untracked 
| 125|0x0000000728900000, 0x0000000728900000, 0x0000000728a00000|  0%| F|  |TAMS 0x0000000728900000, 0x0000000728900000| Untracked 
| 126|0x0000000728a00000, 0x0000000728a00000, 0x0000000728b00000|  0%| F|  |TAMS 0x0000000728a00000, 0x0000000728a00000| Untracked 
| 127|0x0000000728b00000, 0x0000000728b00000, 0x0000000728c00000|  0%| F|  |TAMS 0x0000000728b00000, 0x0000000728b00000| Untracked 
| 128|0x0000000728c00000, 0x0000000728c00000, 0x0000000728d00000|  0%| F|  |TAMS 0x0000000728c00000, 0x0000000728c00000| Untracked 
| 129|0x0000000728d00000, 0x0000000728d00000, 0x0000000728e00000|  0%| F|  |TAMS 0x0000000728d00000, 0x0000000728d00000| Untracked 
| 130|0x0000000728e00000, 0x0000000728e00000, 0x0000000728f00000|  0%| F|  |TAMS 0x0000000728e00000, 0x0000000728e00000| Untracked 
| 131|0x0000000728f00000, 0x0000000728f00000, 0x0000000729000000|  0%| F|  |TAMS 0x0000000728f00000, 0x0000000728f00000| Untracked 
| 132|0x0000000729000000, 0x0000000729000000, 0x0000000729100000|  0%| F|  |TAMS 0x0000000729000000, 0x0000000729000000| Untracked 
| 133|0x0000000729100000, 0x0000000729100000, 0x0000000729200000|  0%| F|  |TAMS 0x0000000729100000, 0x0000000729100000| Untracked 
| 134|0x0000000729200000, 0x0000000729200000, 0x0000000729300000|  0%| F|  |TAMS 0x0000000729200000, 0x0000000729200000| Untracked 
| 135|0x0000000729300000, 0x0000000729300000, 0x0000000729400000|  0%| F|  |TAMS 0x0000000729300000, 0x0000000729300000| Untracked 
| 136|0x0000000729400000, 0x0000000729400000, 0x0000000729500000|  0%| F|  |TAMS 0x0000000729400000, 0x0000000729400000| Untracked 
| 137|0x0000000729500000, 0x0000000729500000, 0x0000000729600000|  0%| F|  |TAMS 0x0000000729500000, 0x0000000729500000| Untracked 
| 138|0x0000000729600000, 0x0000000729600000, 0x0000000729700000|  0%| F|  |TAMS 0x0000000729600000, 0x0000000729600000| Untracked 
| 139|0x0000000729700000, 0x0000000729700000, 0x0000000729800000|  0%| F|  |TAMS 0x0000000729700000, 0x0000000729700000| Untracked 
| 140|0x0000000729800000, 0x0000000729800000, 0x0000000729900000|  0%| F|  |TAMS 0x0000000729800000, 0x0000000729800000| Untracked 
| 141|0x0000000729900000, 0x0000000729900000, 0x0000000729a00000|  0%| F|  |TAMS 0x0000000729900000, 0x0000000729900000| Untracked 
| 142|0x0000000729a00000, 0x0000000729a00000, 0x0000000729b00000|  0%| F|  |TAMS 0x0000000729a00000, 0x0000000729a00000| Untracked 
| 143|0x0000000729b00000, 0x0000000729b00000, 0x0000000729c00000|  0%| F|  |TAMS 0x0000000729b00000, 0x0000000729b00000| Untracked 
| 144|0x0000000729c00000, 0x0000000729c00000, 0x0000000729d00000|  0%| F|  |TAMS 0x0000000729c00000, 0x0000000729c00000| Untracked 
| 145|0x0000000729d00000, 0x0000000729d00000, 0x0000000729e00000|  0%| F|  |TAMS 0x0000000729d00000, 0x0000000729d00000| Untracked 
| 146|0x0000000729e00000, 0x0000000729e00000, 0x0000000729f00000|  0%| F|  |TAMS 0x0000000729e00000, 0x0000000729e00000| Untracked 
| 147|0x0000000729f00000, 0x0000000729f00000, 0x000000072a000000|  0%| F|  |TAMS 0x0000000729f00000, 0x0000000729f00000| Untracked 
| 148|0x000000072a000000, 0x000000072a000000, 0x000000072a100000|  0%| F|  |TAMS 0x000000072a000000, 0x000000072a000000| Untracked 
| 149|0x000000072a100000, 0x000000072a100000, 0x000000072a200000|  0%| F|  |TAMS 0x000000072a100000, 0x000000072a100000| Untracked 
| 150|0x000000072a200000, 0x000000072a200000, 0x000000072a300000|  0%| F|  |TAMS 0x000000072a200000, 0x000000072a200000| Untracked 
| 151|0x000000072a300000, 0x000000072a300000, 0x000000072a400000|  0%| F|  |TAMS 0x000000072a300000, 0x000000072a300000| Untracked 
| 152|0x000000072a400000, 0x000000072a400000, 0x000000072a500000|  0%| F|  |TAMS 0x000000072a400000, 0x000000072a400000| Untracked 
| 153|0x000000072a500000, 0x000000072a500000, 0x000000072a600000|  0%| F|  |TAMS 0x000000072a500000, 0x000000072a500000| Untracked 
| 154|0x000000072a600000, 0x000000072a600000, 0x000000072a700000|  0%| F|  |TAMS 0x000000072a600000, 0x000000072a600000| Untracked 
| 155|0x000000072a700000, 0x000000072a700000, 0x000000072a800000|  0%| F|  |TAMS 0x000000072a700000, 0x000000072a700000| Untracked 
| 156|0x000000072a800000, 0x000000072a800000, 0x000000072a900000|  0%| F|  |TAMS 0x000000072a800000, 0x000000072a800000| Untracked 
| 157|0x000000072a900000, 0x000000072a900000, 0x000000072aa00000|  0%| F|  |TAMS 0x000000072a900000, 0x000000072a900000| Untracked 
| 158|0x000000072aa00000, 0x000000072aa00000, 0x000000072ab00000|  0%| F|  |TAMS 0x000000072aa00000, 0x000000072aa00000| Untracked 
| 159|0x000000072ab00000, 0x000000072ab00000, 0x000000072ac00000|  0%| F|  |TAMS 0x000000072ab00000, 0x000000072ab00000| Untracked 
| 160|0x000000072ac00000, 0x000000072ac00000, 0x000000072ad00000|  0%| F|  |TAMS 0x000000072ac00000, 0x000000072ac00000| Untracked 
| 161|0x000000072ad00000, 0x000000072ad00000, 0x000000072ae00000|  0%| F|  |TAMS 0x000000072ad00000, 0x000000072ad00000| Untracked 
| 162|0x000000072ae00000, 0x000000072ae00000, 0x000000072af00000|  0%| F|  |TAMS 0x000000072ae00000, 0x000000072ae00000| Untracked 
| 163|0x000000072af00000, 0x000000072af00000, 0x000000072b000000|  0%| F|  |TAMS 0x000000072af00000, 0x000000072af00000| Untracked 
| 164|0x000000072b000000, 0x000000072b000000, 0x000000072b100000|  0%| F|  |TAMS 0x000000072b000000, 0x000000072b000000| Untracked 
| 165|0x000000072b100000, 0x000000072b100000, 0x000000072b200000|  0%| F|  |TAMS 0x000000072b100000, 0x000000072b100000| Untracked 
| 166|0x000000072b200000, 0x000000072b200000, 0x000000072b300000|  0%| F|  |TAMS 0x000000072b200000, 0x000000072b200000| Untracked 
| 167|0x000000072b300000, 0x000000072b300000, 0x000000072b400000|  0%| F|  |TAMS 0x000000072b300000, 0x000000072b300000| Untracked 
| 168|0x000000072b400000, 0x000000072b400000, 0x000000072b500000|  0%| F|  |TAMS 0x000000072b400000, 0x000000072b400000| Untracked 
| 169|0x000000072b500000, 0x000000072b500000, 0x000000072b600000|  0%| F|  |TAMS 0x000000072b500000, 0x000000072b500000| Untracked 
| 170|0x000000072b600000, 0x000000072b600000, 0x000000072b700000|  0%| F|  |TAMS 0x000000072b600000, 0x000000072b600000| Untracked 
| 171|0x000000072b700000, 0x000000072b700000, 0x000000072b800000|  0%| F|  |TAMS 0x000000072b700000, 0x000000072b700000| Untracked 
| 172|0x000000072b800000, 0x000000072b800000, 0x000000072b900000|  0%| F|  |TAMS 0x000000072b800000, 0x000000072b800000| Untracked 
| 173|0x000000072b900000, 0x000000072b900000, 0x000000072ba00000|  0%| F|  |TAMS 0x000000072b900000, 0x000000072b900000| Untracked 
| 174|0x000000072ba00000, 0x000000072ba00000, 0x000000072bb00000|  0%| F|  |TAMS 0x000000072ba00000, 0x000000072ba00000| Untracked 
| 175|0x000000072bb00000, 0x000000072bb00000, 0x000000072bc00000|  0%| F|  |TAMS 0x000000072bb00000, 0x000000072bb00000| Untracked 
| 176|0x000000072bc00000, 0x000000072bc00000, 0x000000072bd00000|  0%| F|  |TAMS 0x000000072bc00000, 0x000000072bc00000| Untracked 
| 177|0x000000072bd00000, 0x000000072bd00000, 0x000000072be00000|  0%| F|  |TAMS 0x000000072bd00000, 0x000000072bd00000| Untracked 
| 178|0x000000072be00000, 0x000000072be00000, 0x000000072bf00000|  0%| F|  |TAMS 0x000000072be00000, 0x000000072be00000| Untracked 
| 179|0x000000072bf00000, 0x000000072bf00000, 0x000000072c000000|  0%| F|  |TAMS 0x000000072bf00000, 0x000000072bf00000| Untracked 
| 180|0x000000072c000000, 0x000000072c000000, 0x000000072c100000|  0%| F|  |TAMS 0x000000072c000000, 0x000000072c000000| Untracked 
| 181|0x000000072c100000, 0x000000072c100000, 0x000000072c200000|  0%| F|  |TAMS 0x000000072c100000, 0x000000072c100000| Untracked 
| 182|0x000000072c200000, 0x000000072c200000, 0x000000072c300000|  0%| F|  |TAMS 0x000000072c200000, 0x000000072c200000| Untracked 
| 183|0x000000072c300000, 0x000000072c300000, 0x000000072c400000|  0%| F|  |TAMS 0x000000072c300000, 0x000000072c300000| Untracked 
| 184|0x000000072c400000, 0x000000072c400000, 0x000000072c500000|  0%| F|  |TAMS 0x000000072c400000, 0x000000072c400000| Untracked 
| 185|0x000000072c500000, 0x000000072c500000, 0x000000072c600000|  0%| F|  |TAMS 0x000000072c500000, 0x000000072c500000| Untracked 
| 186|0x000000072c600000, 0x000000072c600000, 0x000000072c700000|  0%| F|  |TAMS 0x000000072c600000, 0x000000072c600000| Untracked 
| 187|0x000000072c700000, 0x000000072c700000, 0x000000072c800000|  0%| F|  |TAMS 0x000000072c700000, 0x000000072c700000| Untracked 
| 188|0x000000072c800000, 0x000000072c800000, 0x000000072c900000|  0%| F|  |TAMS 0x000000072c800000, 0x000000072c800000| Untracked 
| 189|0x000000072c900000, 0x000000072c900000, 0x000000072ca00000|  0%| F|  |TAMS 0x000000072c900000, 0x000000072c900000| Untracked 
| 190|0x000000072ca00000, 0x000000072ca00000, 0x000000072cb00000|  0%| F|  |TAMS 0x000000072ca00000, 0x000000072ca00000| Untracked 
| 191|0x000000072cb00000, 0x000000072cb00000, 0x000000072cc00000|  0%| F|  |TAMS 0x000000072cb00000, 0x000000072cb00000| Untracked 
| 192|0x000000072cc00000, 0x000000072cc00000, 0x000000072cd00000|  0%| F|  |TAMS 0x000000072cc00000, 0x000000072cc00000| Untracked 
| 193|0x000000072cd00000, 0x000000072cd00000, 0x000000072ce00000|  0%| F|  |TAMS 0x000000072cd00000, 0x000000072cd00000| Untracked 
| 194|0x000000072ce00000, 0x000000072ce00000, 0x000000072cf00000|  0%| F|  |TAMS 0x000000072ce00000, 0x000000072ce00000| Untracked 
| 195|0x000000072cf00000, 0x000000072cf00000, 0x000000072d000000|  0%| F|  |TAMS 0x000000072cf00000, 0x000000072cf00000| Untracked 
| 196|0x000000072d000000, 0x000000072d000000, 0x000000072d100000|  0%| F|  |TAMS 0x000000072d000000, 0x000000072d000000| Untracked 
| 197|0x000000072d100000, 0x000000072d100000, 0x000000072d200000|  0%| F|  |TAMS 0x000000072d100000, 0x000000072d100000| Untracked 
| 198|0x000000072d200000, 0x000000072d200000, 0x000000072d300000|  0%| F|  |TAMS 0x000000072d200000, 0x000000072d200000| Untracked 
| 199|0x000000072d300000, 0x000000072d300000, 0x000000072d400000|  0%| F|  |TAMS 0x000000072d300000, 0x000000072d300000| Untracked 
| 200|0x000000072d400000, 0x000000072d400000, 0x000000072d500000|  0%| F|  |TAMS 0x000000072d400000, 0x000000072d400000| Untracked 
| 201|0x000000072d500000, 0x000000072d500000, 0x000000072d600000|  0%| F|  |TAMS 0x000000072d500000, 0x000000072d500000| Untracked 
| 202|0x000000072d600000, 0x000000072d600000, 0x000000072d700000|  0%| F|  |TAMS 0x000000072d600000, 0x000000072d600000| Untracked 
| 203|0x000000072d700000, 0x000000072d700000, 0x000000072d800000|  0%| F|  |TAMS 0x000000072d700000, 0x000000072d700000| Untracked 
| 204|0x000000072d800000, 0x000000072d800000, 0x000000072d900000|  0%| F|  |TAMS 0x000000072d800000, 0x000000072d800000| Untracked 
| 205|0x000000072d900000, 0x000000072d900000, 0x000000072da00000|  0%| F|  |TAMS 0x000000072d900000, 0x000000072d900000| Untracked 
| 206|0x000000072da00000, 0x000000072da00000, 0x000000072db00000|  0%| F|  |TAMS 0x000000072da00000, 0x000000072da00000| Untracked 
| 207|0x000000072db00000, 0x000000072db00000, 0x000000072dc00000|  0%| F|  |TAMS 0x000000072db00000, 0x000000072db00000| Untracked 
| 208|0x000000072dc00000, 0x000000072dc00000, 0x000000072dd00000|  0%| F|  |TAMS 0x000000072dc00000, 0x000000072dc00000| Untracked 
| 209|0x000000072dd00000, 0x000000072de00000, 0x000000072de00000|100%| S|CS|TAMS 0x000000072dd00000, 0x000000072dd00000| Complete 
| 210|0x000000072de00000, 0x000000072df00000, 0x000000072df00000|100%| S|CS|TAMS 0x000000072de00000, 0x000000072de00000| Complete 
| 211|0x000000072df00000, 0x000000072df00000, 0x000000072e000000|  0%| F|  |TAMS 0x000000072df00000, 0x000000072df00000| Untracked 
| 212|0x000000072e000000, 0x000000072e000000, 0x000000072e100000|  0%| F|  |TAMS 0x000000072e000000, 0x000000072e000000| Untracked 
| 213|0x000000072e100000, 0x000000072e100000, 0x000000072e200000|  0%| F|  |TAMS 0x000000072e100000, 0x000000072e100000| Untracked 
| 214|0x000000072e200000, 0x000000072e200000, 0x000000072e300000|  0%| F|  |TAMS 0x000000072e200000, 0x000000072e200000| Untracked 
| 215|0x000000072e300000, 0x000000072e300000, 0x000000072e400000|  0%| F|  |TAMS 0x000000072e300000, 0x000000072e300000| Untracked 
| 216|0x000000072e400000, 0x000000072e400000, 0x000000072e500000|  0%| F|  |TAMS 0x000000072e400000, 0x000000072e400000| Untracked 
| 217|0x000000072e500000, 0x000000072e500000, 0x000000072e600000|  0%| F|  |TAMS 0x000000072e500000, 0x000000072e500000| Untracked 
| 218|0x000000072e600000, 0x000000072e69aa68, 0x000000072e700000| 60%| E|  |TAMS 0x000000072e600000, 0x000000072e600000| Complete 
| 219|0x000000072e700000, 0x000000072e800000, 0x000000072e800000|100%| E|CS|TAMS 0x000000072e700000, 0x000000072e700000| Complete 
| 220|0x000000072e800000, 0x000000072e900000, 0x000000072e900000|100%| E|CS|TAMS 0x000000072e800000, 0x000000072e800000| Complete 
| 221|0x000000072e900000, 0x000000072ea00000, 0x000000072ea00000|100%| E|CS|TAMS 0x000000072e900000, 0x000000072e900000| Complete 
| 222|0x000000072ea00000, 0x000000072eb00000, 0x000000072eb00000|100%| E|CS|TAMS 0x000000072ea00000, 0x000000072ea00000| Complete 
| 223|0x000000072eb00000, 0x000000072ec00000, 0x000000072ec00000|100%| E|CS|TAMS 0x000000072eb00000, 0x000000072eb00000| Complete 

Card table byte_map: [0x000002732e4d0000,0x000002732ebd0000] _byte_map_base: 0x000002732abca000

Marking Bits (Prev, Next): (CMBitMap*) 0x000002731667a3d8, (CMBitMap*) 0x000002731667a418
 Prev Bits: [0x000002732f2d0000, 0x0000027332aa0000)
 Next Bits: [0x0000027332aa0000, 0x0000027336270000)

Polling page: 0x00000273145a0000

Metaspace:

Usage:
  Non-class:      7.43 MB capacity,     5.24 MB ( 70%) used,     2.19 MB ( 29%) free+waste,    11.00 KB ( <1%) overhead. 
      Class:    628.00 KB capacity,   343.25 KB ( 55%) used,   279.44 KB ( 44%) free+waste,     5.31 KB ( <1%) overhead. 
       Both:      8.05 MB capacity,     5.57 MB ( 69%) used,     2.46 MB ( 31%) free+waste,    16.31 KB ( <1%) overhead. 

Virtual space:
  Non-class space:        8.00 MB reserved,       7.50 MB ( 94%) committed 
      Class space:        1.00 GB reserved,     640.00 KB ( <1%) committed 
             Both:        1.01 GB reserved,       8.13 MB ( <1%) committed 

Chunk freelists:
   Non-Class:  67.00 KB
       Class:  0 bytes
        Both:  67.00 KB

MaxMetaspaceSize: 17179869184.00 GB
CompressedClassSpaceSize: 1.00 GB

CodeHeap 'non-profiled nmethods': size=120000Kb used=271Kb max_used=271Kb free=119728Kb
 bounds [0x00000273268a0000, 0x0000027326b10000, 0x000002732ddd0000]
CodeHeap 'profiled nmethods': size=120000Kb used=1368Kb max_used=1368Kb free=118631Kb
 bounds [0x000002731f370000, 0x000002731f5e0000, 0x00000273268a0000]
CodeHeap 'non-nmethods': size=5760Kb used=1574Kb max_used=1589Kb free=4185Kb
 bounds [0x000002731edd0000, 0x000002731f040000, 0x000002731f370000]
 total_blobs=1774 nmethods=820 adapters=867
 compilation: enabled
              stopped_count=0, restarted_count=0
 full_count=0

Compilation events (20 events):
Event: 0.777 Thread 0x000002733876e800 nmethod 811 0x000002731f4c2790 code [0x000002731f4c2960, 0x000002731f4c2c58]
Event: 0.777 Thread 0x000002733876e800  812       3       java.lang.Character::charCount (12 bytes)
Event: 0.778 Thread 0x000002733b3b5000 nmethod 805 0x00000273268e2d10 code [0x00000273268e2f20, 0x00000273268e34c8]
Event: 0.778 Thread 0x000002733876e800 nmethod 812 0x000002731f4c2d90 code [0x000002731f4c2f20, 0x000002731f4c3058]
Event: 0.778 Thread 0x000002733876e800  813       1       java.util.regex.Pattern::lambda$ALL$3 (2 bytes)
Event: 0.778 Thread 0x000002733876e800 nmethod 813 0x00000273268e3810 code [0x00000273268e39a0, 0x00000273268e3a38]
Event: 0.778 Thread 0x000002733876e800  814       3       java.lang.AbstractStringBuilder::append (45 bytes)
Event: 0.779 Thread 0x000002733876e800 nmethod 814 0x000002731f4c3110 code [0x000002731f4c3320, 0x000002731f4c3858]
Event: 0.780 Thread 0x000002733876e800  815       3       jdk.internal.jimage.ImageStringsReader::get (9 bytes)
Event: 0.780 Thread 0x000002733876e800 nmethod 815 0x000002731f4c3a90 code [0x000002731f4c3c40, 0x000002731f4c3e28]
Event: 0.781 Thread 0x000002733876e800  816       3       jdk.internal.jimage.ImageStringsReader::stringFromByteBuffer (28 bytes)
Event: 0.781 Thread 0x000002733876e800 nmethod 816 0x000002731f4c3f10 code [0x000002731f4c40e0, 0x000002731f4c44d8]
Event: 0.782 Thread 0x000002733876e800  817       3       java.nio.HeapCharBuffer::ix (7 bytes)
Event: 0.782 Thread 0x000002733876e800 nmethod 817 0x000002731f4c4690 code [0x000002731f4c4820, 0x000002731f4c4938]
Event: 0.782 Thread 0x000002733876e800  818       3       java.lang.Character::codePointAt (51 bytes)
Event: 0.782 Thread 0x000002733876e800 nmethod 818 0x000002731f4c4a10 code [0x000002731f4c4c00, 0x000002731f4c5288]
Event: 0.782 Thread 0x000002733876e800  819       3       java.nio.CharBuffer::charAt (16 bytes)
Event: 0.782 Thread 0x000002733876e800 nmethod 819 0x000002731f4c5410 code [0x000002731f4c55e0, 0x000002731f4c5998]
Event: 0.783 Thread 0x000002733876e800  820       3       java.lang.String::getBytes (44 bytes)
Event: 0.783 Thread 0x000002733876e800 nmethod 820 0x000002731f4c5b10 code [0x000002731f4c5ce0, 0x000002731f4c6058]

GC Heap History (2 events):
Event: 0.694 GC heap before
{Heap before GC invocations=0 (full 0):
 garbage-first heap   total 229376K, used 12288K [0x0000000720c00000, 0x0000000800000000)
  region size 1024K, 13 young (13312K), 0 survivors (0K)
 Metaspace       used 4335K, capacity 7095K, committed 7296K, reserved 1056768K
  class space    used 277K, capacity 542K, committed 640K, reserved 1048576K
}
Event: 0.698 GC heap after
{Heap after GC invocations=1 (full 0):
 garbage-first heap   total 229376K, used 2590K [0x0000000720c00000, 0x0000000800000000)
  region size 1024K, 2 young (2048K), 2 survivors (2048K)
 Metaspace       used 4335K, capacity 7095K, committed 7296K, reserved 1056768K
  class space    used 277K, capacity 542K, committed 640K, reserved 1048576K
}

Deoptimization events (20 events):
Event: 0.740 Thread 0x000002731661c800 Uncommon trap: trap_request=0xffffff54 fr.pc=0x00000273268d2710 relative=0x0000000000000070
Event: 0.740 Thread 0x000002731661c800 Uncommon trap: reason=speculate_null_assert action=make_not_entrant pc=0x00000273268d2710 method=sun.misc.Unsafe.putLong(Ljava/lang/Object;JJ)V @ 7 c2
Event: 0.740 Thread 0x000002731661c800 DEOPT PACKING pc=0x00000273268d2710 sp=0x000000e9604fed30
Event: 0.740 Thread 0x000002731661c800 DEOPT UNPACKING pc=0x000002731ee1912f sp=0x000000e9604feca8 mode 2
Event: 0.777 Thread 0x000002731661c800 Uncommon trap: trap_request=0xffffff45 fr.pc=0x00000273268c7e44 relative=0x0000000000000524
Event: 0.777 Thread 0x000002731661c800 Uncommon trap: reason=unstable_if action=reinterpret pc=0x00000273268c7e44 method=java.lang.AbstractStringBuilder.putStringAt(ILjava/lang/String;)V @ 8 c2
Event: 0.777 Thread 0x000002731661c800 DEOPT PACKING pc=0x00000273268c7e44 sp=0x000000e9604fed70
Event: 0.777 Thread 0x000002731661c800 DEOPT UNPACKING pc=0x000002731ee1912f sp=0x000000e9604fec78 mode 2
Event: 0.777 Thread 0x000002731661c800 Uncommon trap: trap_request=0xffffff45 fr.pc=0x00000273268cf1a8 relative=0x0000000000000508
Event: 0.777 Thread 0x000002731661c800 Uncommon trap: reason=unstable_if action=reinterpret pc=0x00000273268cf1a8 method=java.lang.AbstractStringBuilder.putStringAt(ILjava/lang/String;)V @ 8 c2
Event: 0.777 Thread 0x000002731661c800 DEOPT PACKING pc=0x00000273268cf1a8 sp=0x000000e9604fed00
Event: 0.777 Thread 0x000002731661c800 DEOPT UNPACKING pc=0x000002731ee1912f sp=0x000000e9604fec70 mode 2
Event: 0.777 Thread 0x000002731661c800 Uncommon trap: trap_request=0xffffff45 fr.pc=0x00000273268c6c40 relative=0x0000000000000100
Event: 0.777 Thread 0x000002731661c800 Uncommon trap: reason=unstable_if action=reinterpret pc=0x00000273268c6c40 method=java.lang.String.getBytes([BIB)V @ 5 c2
Event: 0.777 Thread 0x000002731661c800 DEOPT PACKING pc=0x00000273268c6c40 sp=0x000000e9604fec20
Event: 0.777 Thread 0x000002731661c800 DEOPT UNPACKING pc=0x000002731ee1912f sp=0x000000e9604febe8 mode 2
Event: 0.780 Thread 0x000002731661c800 Uncommon trap: trap_request=0xffffff5c fr.pc=0x00000273268d2d04 relative=0x0000000000000064
Event: 0.780 Thread 0x000002731661c800 Uncommon trap: reason=speculate_null_check action=make_not_entrant pc=0x00000273268d2d04 method=sun.misc.Unsafe.getLong(Ljava/lang/Object;J)J @ 5 c2
Event: 0.780 Thread 0x000002731661c800 DEOPT PACKING pc=0x00000273268d2d04 sp=0x000000e9604fee00
Event: 0.780 Thread 0x000002731661c800 DEOPT UNPACKING pc=0x000002731ee1912f sp=0x000000e9604fed78 mode 2

Classes unloaded (0 events):
No events

Classes redefined (0 events):
No events

Internal exceptions (11 events):
Event: 0.243 Thread 0x000002731661c800 Exception <a 'java/lang/NoSuchMethodError'{0x000000072e7e0aa8}: 'void java.lang.invoke.DelegatingMethodHandle$Holder.delegate(java.lang.Object, java.lang.Object, int, java.lang.Object)'> (0x000000072e7e0aa8) 
thrown [./open/src/hotspot/share/interpreter/linkResolver.cpp, line 766]
Event: 0.244 Thread 0x000002731661c800 Exception <a 'java/lang/NoSuchMethodError'{0x000000072e7e75b0}: 'java.lang.Object java.lang.invoke.DirectMethodHandle$Holder.invokeStaticInit(java.lang.Object, java.lang.Object, java.lang.Object)'> (0x000000072e7e75b0) 
thrown [./open/src/hotspot/share/interpreter/linkResolver.cpp, line 766]
Event: 0.279 Thread 0x000002731661c800 Exception <a 'sun/nio/fs/WindowsException'{0x000000072e659c80}> (0x000000072e659c80) 
thrown [./open/src/hotspot/share/prims/jni.cpp, line 599]
Event: 0.280 Thread 0x000002731661c800 Exception <a 'sun/nio/fs/WindowsException'{0x000000072e65a1d8}> (0x000000072e65a1d8) 
thrown [./open/src/hotspot/share/prims/jni.cpp, line 599]
Event: 0.306 Thread 0x000002731661c800 Exception <a 'sun/nio/fs/WindowsException'{0x000000072e538b40}> (0x000000072e538b40) 
thrown [./open/src/hotspot/share/prims/jni.cpp, line 599]
Event: 0.306 Thread 0x000002731661c800 Exception <a 'sun/nio/fs/WindowsException'{0x000000072e538eb0}> (0x000000072e538eb0) 
thrown [./open/src/hotspot/share/prims/jni.cpp, line 599]
Event: 0.579 Thread 0x000002731661c800 Exception <a 'sun/nio/fs/WindowsException'{0x000000072e419e40}> (0x000000072e419e40) 
thrown [./open/src/hotspot/share/prims/jni.cpp, line 599]
Event: 0.579 Thread 0x000002731661c800 Exception <a 'sun/nio/fs/WindowsException'{0x000000072e41a1f0}> (0x000000072e41a1f0) 
thrown [./open/src/hotspot/share/prims/jni.cpp, line 599]
Event: 0.585 Thread 0x000002731661c800 Exception <a 'sun/nio/fs/WindowsException'{0x000000072e444f38}> (0x000000072e444f38) 
thrown [./open/src/hotspot/share/prims/jni.cpp, line 599]
Event: 0.585 Thread 0x000002731661c800 Exception <a 'sun/nio/fs/WindowsException'{0x000000072e445220}> (0x000000072e445220) 
thrown [./open/src/hotspot/share/prims/jni.cpp, line 599]
Event: 0.762 Thread 0x000002731661c800 Exception <a 'java/lang/NoSuchMethodError'{0x000000072e793768}: 'int java.lang.invoke.DirectMethodHandle$Holder.invokeSpecialIFC(java.lang.Object, java.lang.Object, int)'> (0x000000072e793768) 
thrown [./open/src/hotspot/share/interpreter/linkResolver.cpp, line 766]

Events (20 events):
Event: 0.760 loading class sun/net/ProgressMonitor
Event: 0.760 loading class sun/net/ProgressMonitor done
Event: 0.760 loading class sun/net/DefaultProgressMeteringPolicy
Event: 0.760 loading class sun/net/ProgressMeteringPolicy
Event: 0.760 loading class sun/net/ProgressMeteringPolicy done
Event: 0.760 loading class sun/net/DefaultProgressMeteringPolicy done
Event: 0.760 loading class java/util/Scanner
Event: 0.760 loading class java/util/Scanner done
Event: 0.761 Executing VM operation: HandshakeOneThread
Event: 0.761 Executing VM operation: HandshakeOneThread done
Event: 0.764 loading class java/util/Scanner$PatternLRUCache
Event: 0.764 loading class java/util/Scanner$PatternLRUCache done
Event: 0.766 loading class jdk/internal/module/ModulePatcher$PatchedModuleReader
Event: 0.766 loading class jdk/internal/module/ModulePatcher$PatchedModuleReader done
Event: 0.766 loading class sun/net/www/protocol/jrt/Handler
Event: 0.766 loading class sun/net/www/protocol/jrt/Handler done
Event: 0.772 loading class sun/text/resources/cldr/FormatData_en_US
Event: 0.772 loading class sun/text/resources/cldr/FormatData_en_US done
Event: 0.779 Executing VM operation: HandshakeOneThread
Event: 0.779 Executing VM operation: HandshakeOneThread done


Dynamic libraries:
0x00007ff658aa0000 - 0x00007ff658aaf000 	C:\Program Files\Java\jdk-14.0.2\bin\java.exe
0x00007ff9ed350000 - 0x00007ff9ed545000 	C:\Windows\SYSTEM32\ntdll.dll
0x00007ff9ed1b0000 - 0x00007ff9ed26d000 	C:\Windows\System32\KERNEL32.DLL
0x00007ff9eac50000 - 0x00007ff9eaf17000 	C:\Windows\System32\KERNELBASE.dll
0x00007ff9eab50000 - 0x00007ff9eac50000 	C:\Windows\System32\ucrtbase.dll
0x00007ff9e3180000 - 0x00007ff9e3198000 	C:\Program Files\Java\jdk-14.0.2\bin\jli.dll
0x00007ff9eb790000 - 0x00007ff9eb83a000 	C:\Windows\System32\ADVAPI32.dll
0x00007ff9ed270000 - 0x00007ff9ed30e000 	C:\Windows\System32\msvcrt.dll
0x00007ff9eb840000 - 0x00007ff9eb8db000 	C:\Windows\System32\sechost.dll
0x00007ff9eb600000 - 0x00007ff9eb723000 	C:\Windows\System32\RPCRT4.dll
0x00007ff9ec7e0000 - 0x00007ff9ec980000 	C:\Windows\System32\USER32.dll
0x00007ff9eaf20000 - 0x00007ff9eaf42000 	C:\Windows\System32\win32u.dll
0x00007ff9eb8f0000 - 0x00007ff9eb91a000 	C:\Windows\System32\GDI32.dll
0x00007ff9eafb0000 - 0x00007ff9eb0ba000 	C:\Windows\System32\gdi32full.dll
0x00007ff9eb320000 - 0x00007ff9eb3bd000 	C:\Windows\System32\msvcp_win.dll
0x00007ff9dd6f0000 - 0x00007ff9dd98a000 	C:\Windows\WinSxS\amd64_microsoft.windows.common-controls_6595b64144ccf1df_6.0.19041.1_none_b555e41d4684ddec\COMCTL32.dll
0x00007ff9dfd00000 - 0x00007ff9dfd0a000 	C:\Windows\SYSTEM32\VERSION.dll
0x00007ff9db8d0000 - 0x00007ff9db8e5000 	C:\Program Files\Java\jdk-14.0.2\bin\VCRUNTIME140.dll
0x00007ff9eb5d0000 - 0x00007ff9eb600000 	C:\Windows\System32\IMM32.DLL
0x00007ff9c6a50000 - 0x00007ff9c6aeb000 	C:\Program Files\Java\jdk-14.0.2\bin\msvcp140.dll
0x00007ff99f2e0000 - 0x00007ff99fdfe000 	C:\Program Files\Java\jdk-14.0.2\bin\server\jvm.dll
0x00007ff9ebf00000 - 0x00007ff9ebf08000 	C:\Windows\System32\PSAPI.DLL
0x00007ff9e5c80000 - 0x00007ff9e5c89000 	C:\Windows\SYSTEM32\WSOCK32.dll
0x00007ff9ebe10000 - 0x00007ff9ebe7b000 	C:\Windows\System32\WS2_32.dll
0x00007ff9dfd10000 - 0x00007ff9dfd37000 	C:\Windows\SYSTEM32\WINMM.dll
0x00007ff9e8a40000 - 0x00007ff9e8a53000 	C:\Windows\SYSTEM32\kernel.appcore.dll
0x00007ff9e31b0000 - 0x00007ff9e31ba000 	C:\Program Files\Java\jdk-14.0.2\bin\jimage.dll
0x00007ff9e4b50000 - 0x00007ff9e4d34000 	C:\Windows\SYSTEM32\DBGHELP.DLL
0x00007ff9e3f50000 - 0x00007ff9e3f7c000 	C:\Windows\SYSTEM32\dbgcore.DLL
0x00007ff9eaad0000 - 0x00007ff9eab4f000 	C:\Windows\System32\bcryptPrimitives.dll
0x00007ff9dbc60000 - 0x00007ff9dbc6e000 	C:\Program Files\Java\jdk-14.0.2\bin\instrument.dll
0x00007ff9db360000 - 0x00007ff9db385000 	C:\Program Files\Java\jdk-14.0.2\bin\java.dll
0x00007ff9db2d0000 - 0x00007ff9db2e6000 	C:\Program Files\Java\jdk-14.0.2\bin\zip.dll
0x00007ff9ec090000 - 0x00007ff9ec7d0000 	C:\Windows\System32\SHELL32.dll
0x00007ff9e8c40000 - 0x00007ff9e93d1000 	C:\Windows\SYSTEM32\windows.storage.dll
0x00007ff9ecb10000 - 0x00007ff9ece63000 	C:\Windows\System32\combase.dll
0x00007ff9ea520000 - 0x00007ff9ea54c000 	C:\Windows\SYSTEM32\Wldp.dll
0x00007ff9ec980000 - 0x00007ff9eca2e000 	C:\Windows\System32\SHCORE.dll
0x00007ff9ebe80000 - 0x00007ff9ebed5000 	C:\Windows\System32\shlwapi.dll
0x00007ff9ea9e0000 - 0x00007ff9ea9ff000 	C:\Windows\SYSTEM32\profapi.dll
0x00007ff9db250000 - 0x00007ff9db269000 	C:\Program Files\Java\jdk-14.0.2\bin\net.dll
0x00007ff9e2b40000 - 0x00007ff9e2c40000 	C:\Windows\SYSTEM32\WINHTTP.dll
0x00007ff9ea2a0000 - 0x00007ff9ea30a000 	C:\Windows\system32\mswsock.dll
0x00007ff9db230000 - 0x00007ff9db242000 	C:\Program Files\Java\jdk-14.0.2\bin\nio.dll
0x00007ff9d8e30000 - 0x00007ff9d8e4a000 	C:\Program Files\JetBrains\IntelliJ IDEA Community Edition 2020.2\bin\breakgen64.dll
0x00007ff9d7780000 - 0x00007ff9d77e4000 	C:\Users\jorda\AppData\Local\Temp\lwjgljorda\3.2.3-build-13\lwjgl.dll
0x00007ff9c8080000 - 0x00007ff9c80e2000 	C:\Users\jorda\AppData\Local\Temp\lwjgljorda\3.2.3-build-13\glfw.dll
0x00007ff9e84e0000 - 0x00007ff9e857f000 	C:\Windows\system32\uxtheme.dll
0x00007ff9d8620000 - 0x00007ff9d8665000 	C:\Windows\SYSTEM32\dinput8.dll
0x00007ff9d8580000 - 0x00007ff9d8591000 	C:\Windows\SYSTEM32\xinput1_4.dll
0x00007ff9eb220000 - 0x00007ff9eb26d000 	C:\Windows\System32\cfgmgr32.dll
0x00007ff9ea860000 - 0x00007ff9ea88c000 	C:\Windows\SYSTEM32\DEVOBJ.dll
0x00007ff9e8750000 - 0x00007ff9e877f000 	C:\Windows\SYSTEM32\dwmapi.dll
0x00007ff9d9610000 - 0x00007ff9d9762000 	C:\Windows\SYSTEM32\inputhost.dll
0x00007ff9ebfc0000 - 0x00007ff9ec08d000 	C:\Windows\System32\OLEAUT32.dll
0x00007ff9e8180000 - 0x00007ff9e8272000 	C:\Windows\SYSTEM32\CoreMessaging.dll
0x00007ff9e66c0000 - 0x00007ff9e67b5000 	C:\Windows\SYSTEM32\PROPSYS.dll
0x00007ff9e7e20000 - 0x00007ff9e817a000 	C:\Windows\SYSTEM32\CoreUIComponents.dll
0x00007ff9e7750000 - 0x00007ff9e78a6000 	C:\Windows\SYSTEM32\wintypes.dll
0x00007ff9e9930000 - 0x00007ff9e9963000 	C:\Windows\SYSTEM32\ntmarta.dll
0x00007ff9ecfa0000 - 0x00007ff9ed0b5000 	C:\Windows\System32\MSCTF.dll
0x00007ff9e93e0000 - 0x00007ff9e93ed000 	C:\Windows\SYSTEM32\HID.DLL
0x00007ff9eb9a0000 - 0x00007ff9ebe07000 	C:\Windows\System32\SETUPAPI.DLL
0x00007ff9eaaa0000 - 0x00007ff9eaac7000 	C:\Windows\System32\bcrypt.dll
0x00007ff9eaf50000 - 0x00007ff9eafb0000 	C:\Windows\System32\WINTRUST.dll
0x00007ff9eb0c0000 - 0x00007ff9eb21d000 	C:\Windows\System32\CRYPT32.dll
0x00007ff9ea6a0000 - 0x00007ff9ea6b2000 	C:\Windows\SYSTEM32\MSASN1.dll
0x00007ff9bcd40000 - 0x00007ff9bce9c000 	C:\Windows\SYSTEM32\opengl32.dll
0x00007ff9c70b0000 - 0x00007ff9c70dc000 	C:\Windows\SYSTEM32\GLU32.dll
0x00007ff9c2b20000 - 0x00007ff9c2b4a000 	C:\Windows\System32\DriverStore\FileRepository\u0357776.inf_amd64_5cb88e05332b51cb\B357669\atig6pxx.dll
0x00007ff9ad6a0000 - 0x00007ff9b03b2000 	C:\Windows\System32\DriverStore\FileRepository\u0357776.inf_amd64_5cb88e05332b51cb\B357669\atio6axx.dll
0x00007ff9ece70000 - 0x00007ff9ecf99000 	C:\Windows\System32\ole32.dll
0x00007ff9cde60000 - 0x00007ff9cde84000 	C:\Windows\SYSTEM32\dxva2.dll
0x00007ff9c4df0000 - 0x00007ff9c4e2c000 	C:\Windows\System32\DriverStore\FileRepository\u0357776.inf_amd64_5cb88e05332b51cb\B357669\atig6txx.dll
0x00007ff9bc810000 - 0x00007ff9bc9cc000 	C:\Windows\SYSTEM32\atiadlxx.dll
0x00007ff9e0090000 - 0x00007ff9e00cb000 	C:\Windows\SYSTEM32\dxcore.dll
0x00007ff9d98a0000 - 0x00007ff9d999c000 	C:\Windows\SYSTEM32\textinputframework.dll
0x00007ff9c7be0000 - 0x00007ff9c7c39000 	C:\Users\jorda\AppData\Local\Temp\lwjgljorda\3.2.3-build-13\lwjgl_opengl.dll

dbghelp: loaded successfully - version: 4.0.5 - missing functions: none
symbol engine: initialized successfully - sym options: 0x614 - pdb path: .;C:\Program Files\Java\jdk-14.0.2\bin;C:\Windows\SYSTEM32;C:\Windows\WinSxS\amd64_microsoft.windows.common-controls_6595b64144ccf1df_6.0.19041.1_none_b555e41d4684ddec;C:\Program Files\Java\jdk-14.0.2\bin\server;C:\Program Files\JetBrains\IntelliJ IDEA Community Edition 2020.2\bin;C:\Users\jorda\AppData\Local\Temp\lwjgljorda\3.2.3-build-13;C:\Windows\System32\DriverStore\FileRepository\u0357776.inf_amd64_5cb88e05332b51cb\B357669

VM Arguments:
jvm_args: -javaagent:C:\Program Files\JetBrains\IntelliJ IDEA Community Edition 2020.2\lib\idea_rt.jar=57305:C:\Program Files\JetBrains\IntelliJ IDEA Community Edition 2020.2\bin -Dfile.encoding=UTF-8 
java_command: game.Main
java_class_path (initial): C:\Users\jorda\Desktop\lwjgltest\out\production\lwjgltest;C:\Users\jorda\Desktop\lwjgltest\lib\lwjgl.jar;C:\Users\jorda\Desktop\lwjgltest\lib\lwjgl-par.jar;C:\Users\jorda\Desktop\lwjgltest\lib\lwjgl-stb.jar;C:\Users\jorda\Desktop\lwjgltest\lib\lwjgl-bgfx.jar;C:\Users\jorda\Desktop\lwjgltest\lib\lwjgl-glfw.jar;C:\Users\jorda\Desktop\lwjgltest\lib\joml-1.9.25.jar;C:\Users\jorda\Desktop\lwjgltest\lib\lwjgl-assimp.jar;C:\Users\jorda\Desktop\lwjgltest\lib\lwjgl-nanovg.jar;C:\Users\jorda\Desktop\lwjgltest\lib\lwjgl-openal.jar;C:\Users\jorda\Desktop\lwjgltest\lib\lwjgl-opengl.jar;C:\Users\jorda\Desktop\lwjgltest\lib\lwjgl-vulkan.jar;C:\Users\jorda\Desktop\lwjgltest\lib\lwjgl-javadoc.jar;C:\Users\jorda\Desktop\lwjgltest\lib\lwjgl-nuklear.jar;C:\Users\jorda\Desktop\lwjgltest\lib\lwjgl-sources.jar;C:\Users\jorda\Desktop\lwjgltest\lib\lwjgl-par-javadoc.jar;C:\Users\jorda\Desktop\lwjgltest\lib\lwjgl-par-sources.jar;C:\Users\jorda\Desktop\lwjgltest\lib\lwjgl-stb-javadoc.jar;C:\Users\jorda\Desktop\lwjgltest\lib\lwjgl-stb-sources.jar;C:\Users\jorda\Desktop\lwjgltest\lib\lwjgl-bgfx-javadoc.jar;C:\Users\jorda\Desktop\lwjgltest\lib\lwjgl-bgfx-sources.jar;C:\Users\jorda\Desktop\lwjgltest\lib\lwjgl-glfw-javadoc.jar;C:\Users\jorda\Desktop\lwjgltest\lib\lwjgl-glfw-sources.jar;C:\Users\jorda\Desktop\lwjgltest\lib\joml-1.9.25-javadoc.jar;C:\Users\jorda\Desktop\lwjgltest\lib\joml-1.9.25-sources.jar;C:\Users\jorda\Desktop\lwjgltest\lib\lwjgl-assimp-javadoc.jar;C:\Users\jorda\Desktop\lwjgltest\lib\lwjgl-assimp-sources.jar;C:\Users\jorda\Desktop\lwjgltest\lib\lwjgl-nanovg-javadoc.jar;C:\Users\jorda\Desktop\lwjgltest\lib\lwjgl-nanovg-sources.jar;C:\Users\jorda\Desktop\lwjgltest\lib\lwjgl-openal-javadoc.jar;C:\Users\jorda\Desktop\lwjgltest\lib\lwjgl-openal-sources.jar;C:\Users\jorda\Desktop\lwjgltest\lib\lwjgl-opengl-javadoc.jar;C:\Users\jorda\Desktop\lwjgltest\lib\lwjgl-opengl-sources.jar;C:\Users\jorda\Desktop\lwjgltest\lib\lwjgl-vulkan-javadoc.jar;C:\Users\jorda\D
Launcher Type: SUN_STANDARD

[Global flags]
     intx CICompilerCount                          = 3                                         {product} {ergonomic}
     uint ConcGCThreads                            = 1                                         {product} {ergonomic}
     uint G1ConcRefinementThreads                  = 4                                         {product} {ergonomic}
   size_t G1HeapRegionSize                         = 1048576                                   {product} {ergonomic}
    uintx GCDrainStackTargetSize                   = 64                                        {product} {ergonomic}
   size_t InitialHeapSize                          = 234881024                                 {product} {ergonomic}
   size_t MarkStackSize                            = 4194304                                   {product} {ergonomic}
   size_t MaxHeapSize                              = 3745513472                                {product} {ergonomic}
   size_t MaxNewSize                               = 2247098368                                {product} {ergonomic}
   size_t MinHeapDeltaBytes                        = 1048576                                   {product} {ergonomic}
   size_t MinHeapSize                              = 8388608                                   {product} {ergonomic}
    uintx NonNMethodCodeHeapSize                   = 5832780                                {pd product} {ergonomic}
    uintx NonProfiledCodeHeapSize                  = 122912730                              {pd product} {ergonomic}
    uintx ProfiledCodeHeapSize                     = 122912730                              {pd product} {ergonomic}
    uintx ReservedCodeCacheSize                    = 251658240                              {pd product} {ergonomic}
     bool SegmentedCodeCache                       = true                                      {product} {ergonomic}
   size_t SoftMaxHeapSize                          = 3745513472                             {manageable} {ergonomic}
     bool UseCompressedClassPointers               = true                                 {lp64_product} {ergonomic}
     bool UseCompressedOops                        = true                                 {lp64_product} {ergonomic}
     bool UseG1GC                                  = true                                      {product} {ergonomic}
     bool UseLargePagesIndividualAllocation        = false                                  {pd product} {ergonomic}

Logging:
Log output configuration:
 #0: stdout all=warning uptime,level,tags
 #1: stderr all=off uptime,level,tags

Environment Variables:
PATH=C:\Program Files (x86)\Common Files\Oracle\Java\javapath;C:\Windows\system32;C:\Windows;C:\Windows\System32\Wbem;C:\Windows\System32\WindowsPowerShell\v1.0\;C:\Windows\System32\OpenSSH\;C:\Program Files\Git\cmd;C:\Users\jorda\AppData\Local\Microsoft\WindowsApps;C:\Users\jorda\AppData\Local\GitHubDesktop\bin
USERNAME=jorda
OS=Windows_NT
PROCESSOR_IDENTIFIER=AMD64 Family 23 Model 24 Stepping 1, AuthenticAMD



---------------  S Y S T E M  ---------------

OS: Windows 10 , 64 bit Build 19041 (10.0.19041.292)
OS uptime: 5 days 15:53 hours

CPU:total 4 (initial active 4) (4 cores per cpu, 1 threads per core) family 23 model 24 stepping 1, cmov, cx8, fxsr, mmx, sse, sse2, sse3, ssse3, sse4.1, sse4.2, popcnt, avx, avx2, aes, clmul, mmxext, 3dnowpref, lzcnt, sse4a, tsc, tscinvbit, tscinv, bmi1, bmi2, adx, sha, fma

Memory: 4k page, system-wide physical 14284M (9136M free)
TotalPageFile size 18466M (AvailPageFile size 7517M)
current process WorkingSet (physical memory assigned to process): 98M, peak: 98M
current process commit charge ("private bytes"): 381M, peak: 381M

vm_info: Java HotSpot(TM) 64-Bit Server VM (14.0.2+12-46) for windows-amd64 JRE (14.0.2+12-46), built on Jul  9 2020 00:35:52 by "mach5one" with MS VC++ 15.9 (VS2017)

END.
