#
# A fatal error has been detected by the Java Runtime Environment:
#
#  EXCEPTION_ACCESS_VIOLATION (0xc0000005) at pc=0x00007ff9aea1fd9b, pid=13832, tid=11600
#
# JRE version: Java(TM) SE Runtime Environment (14.0.2+12) (build 14.0.2+12-46)
# Java VM: Java HotSpot(TM) 64-Bit Server VM (14.0.2+12-46, mixed mode, sharing, tiered, compressed oops, g1 gc, windows-amd64)
# Problematic frame:
# C  [atio6axx.dll+0x137fd9b]
#
# No core dump will be written. Minidumps are not enabled by default on client versions of Windows
#
# If you would like to submit a bug report, please visit:
#   https://bugreport.java.com/bugreport/crash.jsp
# The crash happened outside the Java Virtual Machine in native code.
# See problematic frame for where to report the bug.
#

---------------  S U M M A R Y ------------

Command Line: -javaagent:C:\Program Files\JetBrains\IntelliJ IDEA Community Edition 2020.2\lib\idea_rt.jar=57176:C:\Program Files\JetBrains\IntelliJ IDEA Community Edition 2020.2\bin -Dfile.encoding=UTF-8 game.Main

Host: AMD Ryzen 3 3200G with Radeon Vega Graphics    , 4 cores, 13G,  Windows 10 , 64 bit Build 19041 (10.0.19041.292)
Time: Mon Aug 17 17:06:52 2020 Eastern Daylight Time elapsed time: 2 seconds (0d 0h 0m 2s)

---------------  T H R E A D  ---------------

Current thread (0x000002026ddea800):  JavaThread "main" [_thread_in_native, id=11600, stack(0x000000adca500000,0x000000adca600000)]

Stack: [0x000000adca500000,0x000000adca600000],  sp=0x000000adca5ff1b0,  free space=1020k
Native frames: (J=compiled Java code, j=interpreted, Vv=VM code, C=native code)
C  [atio6axx.dll+0x137fd9b]

Java frames: (J=compiled Java code, j=interpreted, Vv=VM code)
j  org.lwjgl.opengl.GL30C.nglDeleteVertexArrays(IJ)V+0
j  org.lwjgl.opengl.GL30C.glDeleteVertexArrays(I)V+20
j  org.lwjgl.opengl.GL30.glDeleteVertexArrays(I)V+1
j  engine.graph.Mesh.cleanUp()V+39
j  game.DummyGame.cleanup()V+11
j  engine.GameEngine.cleanup()V+4
j  engine.GameEngine.run()V+9
j  game.Main.main([Ljava/lang/String;)V+29
v  ~StubRoutines::call_stub

siginfo: EXCEPTION_ACCESS_VIOLATION (0xc0000005), reading address 0x0000000100000008


Register to memory mapping:

RIP=0x00007ff9aea1fd9b atio6axx.dll
RAX=0x0000000100000000 is an unknown value
RBX=0x00000202130cc0c0 points into unknown readable memory: 20 6e 04 13 02 02 00 00
RCX=0x0000020212e3c540 points into unknown readable memory: 00 00 00 00 01 00 00 00
RDX=0x0000020212a137c0 points into unknown readable memory: 60 ff db af f9 7f 00 00
RSP=0x000000adca5ff1b0 is pointing into the stack for thread: 0x000002026ddea800
RBP=0x0000000000000001 is an unknown value
RSI=0x00000202127c13e0 points into unknown readable memory: 70 37 68 12 02 02 00 00
RDI=0x0000020212a137c0 points into unknown readable memory: 60 ff db af f9 7f 00 00
R8 =0x0000000000000019 is an unknown value
R9 =0x0 is NULL
R10=0x0000000000008000 is an unknown value
R11=0x000000adca5ff120 is pointing into the stack for thread: 0x000002026ddea800
R12=0x0 is NULL
R13={method} {0x000002027f6e0af0} 'nglDeleteVertexArrays' '(IJ)V' in 'org/lwjgl/opengl/GL30C'
R14=0x0000020212b4dfd0 points into unknown readable memory: 00 02 00 00 01 00 00 00
R15=0x0 is NULL


Registers:
RAX=0x0000000100000000, RBX=0x00000202130cc0c0, RCX=0x0000020212e3c540, RDX=0x0000020212a137c0
RSP=0x000000adca5ff1b0, RBP=0x0000000000000001, RSI=0x00000202127c13e0, RDI=0x0000020212a137c0
R8 =0x0000000000000019, R9 =0x0000000000000000, R10=0x0000000000008000, R11=0x000000adca5ff120
R12=0x0000000000000000, R13=0x000002027f6e0ae8, R14=0x0000020212b4dfd0, R15=0x0000000000000000
RIP=0x00007ff9aea1fd9b, EFLAGS=0x0000000000010246

Top of Stack: (sp=0x000000adca5ff1b0)
0x000000adca5ff1b0:   00000202130cc0c0 00007ff9aea211a7
0x000000adca5ff1c0:   000002027f6e0a01 000000ad00000000
0x000000adca5ff1d0:   000002020000fffc 000002026ddea800
0x000000adca5ff1e0:   000002021273f520 00007ff9aea1087f
0x000000adca5ff1f0:   00000202130cc0c0 0000000000000000
0x000000adca5ff200:   0000000000000000 0000000000000000
0x000000adca5ff210:   00000202127c13e0 00007ff9ae9ef766
0x000000adca5ff220:   00000202128aef40 000002021273f520
0x000000adca5ff230:   0000020212b4e158 00000202127c13e0
0x000000adca5ff240:   0000020212b4dfd0 00000202127c13e0
0x000000adca5ff250:   00000202128aef40 00007ff9ae9edb31
0x000000adca5ff260:   0000020212b4e158 00000202131dc680
0x000000adca5ff270:   0000000000000001 000000072dd4ac20
0x000000adca5ff280:   00000202131dc680 00007ff9aec72525
0x000000adca5ff290:   00000202128aef40 0000000000000001
0x000000adca5ff2a0:   0000020212b4e158 0000020212b4dfd0 

Instructions: (pc=0x00007ff9aea1fd9b)
0x00007ff9aea1fc9b:   c0 75 2f 48 8b 06 45 33 c9 48 8b d7 c7 44 24 20
0x00007ff9aea1fcab:   fc ff 00 00 48 8b ce 45 8d 41 19 ff 50 08 49 8b
0x00007ff9aea1fcbb:   4e 28 45 33 c0 48 8b d7 48 8b 01 ff 50 10 49 8b
0x00007ff9aea1fccb:   76 28 48 8b 06 4c 8d 44 24 60 45 33 c9 48 8b d7
0x00007ff9aea1fcdb:   48 8b ce ff 50 40 49 8b 4e 08 48 8b 6c 24 68 49
0x00007ff9aea1fceb:   03 cd 49 89 4e 30 49 8b 46 30 48 83 c4 30 41 5e
0x00007ff9aea1fcfb:   41 5d 5f 5e 5b c3 cc cc cc cc cc cc cc cc cc cc
0x00007ff9aea1fd0b:   cc cc cc cc cc 40 53 48 83 ec 20 83 41 38 ff 48
0x00007ff9aea1fd1b:   8b d9 75 44 48 89 7c 24 30 48 8b 79 10 83 47 08
0x00007ff9aea1fd2b:   ff 75 28 48 8b 4f 60 83 79 48 04 74 1e 48 8b 49
0x00007ff9aea1fd3b:   10 45 33 c9 48 8b 92 28 04 00 00 45 33 c0 48 8b
0x00007ff9aea1fd4b:   01 ff 50 50 48 c7 07 00 00 00 00 48 8b 7c 24 30
0x00007ff9aea1fd5b:   48 c7 43 30 00 00 00 00 b0 01 48 83 c4 20 5b c3
0x00007ff9aea1fd6b:   cc cc cc cc cc 48 89 5c 24 08 57 48 83 ec 30 48
0x00007ff9aea1fd7b:   8b d9 48 8b fa 48 8b 49 28 48 85 c9 74 32 48 8b
0x00007ff9aea1fd8b:   01 45 33 c9 c7 44 24 20 fc ff 00 00 45 8d 41 19
0x00007ff9aea1fd9b:   ff 50 08 48 8b 4b 28 45 33 c0 48 8b d7 48 8b 01
0x00007ff9aea1fdab:   ff 50 10 b0 01 48 8b 5c 24 40 48 83 c4 30 5f c3
0x00007ff9aea1fdbb:   48 8b 5c 24 40 32 c0 48 83 c4 30 5f c3 cc cc cc
0x00007ff9aea1fdcb:   cc cc cc cc cc 48 89 5c 24 10 56 48 83 ec 30 80
0x00007ff9aea1fddb:   79 48 00 49 8b f0 48 8b d9 75 4d 48 8b 49 10 4c
0x00007ff9aea1fdeb:   89 4c 24 20 4c 8b cb 48 89 7c 24 40 48 8b 49 58
0x00007ff9aea1fdfb:   e8 20 0e 00 00 48 8b 7b 28 48 85 ff 74 25 48 8b
0x00007ff9aea1fe0b:   07 48 8b cf 48 8b 56 20 ff 90 a0 00 00 00 48 8b
0x00007ff9aea1fe1b:   07 ba 01 00 00 00 48 8b cf ff 10 48 c7 43 28 00
0x00007ff9aea1fe2b:   00 00 00 48 8b 7c 24 40 48 8b cb 48 8b 5c 24 48
0x00007ff9aea1fe3b:   48 83 c4 30 5e e9 0b 00 00 00 cc cc cc cc cc cc
0x00007ff9aea1fe4b:   cc cc cc cc cc 40 53 48 83 ec 20 48 8b d9 48 8b
0x00007ff9aea1fe5b:   49 58 48 85 c9 74 3d 83 79 08 01 75 1f 65 48 8b
0x00007ff9aea1fe6b:   04 25 30 00 00 00 4c 8b 01 48 8b 90 48 12 00 00
0x00007ff9aea1fe7b:   48 8b 52 48 41 ff 50 08 48 8b 4b 58 83 69 08 01
0x00007ff9aea1fe8b:   75 0a 48 8b 01 ba 01 00 00 00 ff 10 48 c7 43 58 


Stack slot to memory mapping:
stack at sp + 0 slots: 0x00000202130cc0c0 points into unknown readable memory: 20 6e 04 13 02 02 00 00
stack at sp + 1 slots: 0x00007ff9aea211a7 atio6axx.dll
stack at sp + 2 slots: 0x000002027f6e0a01 is pointing into metadata
stack at sp + 3 slots: 0x000000ad00000000 is an unknown value
stack at sp + 4 slots: 0x000002020000fffc is at code_begin+1340 in an Interpreter codelet
method entry point (kind = native_synchronized)  [0x000002020000fac0, 0x0000020200010740]  3200 bytes
stack at sp + 5 slots: 0x000002026ddea800 is a thread
stack at sp + 6 slots: 0x000002021273f520 points into unknown readable memory: 58 ce da af f9 7f 00 00
stack at sp + 7 slots: 0x00007ff9aea1087f atio6axx.dll


---------------  P R O C E S S  ---------------

Threads class SMR info:
_java_thread_list=0x0000020212ba3880, length=13, elements={
0x000002026ddea800, 0x000002027ef0f800, 0x000002027ef12800, 0x000002027ef24800,
0x000002027ef25800, 0x000002027ef27000, 0x000002027ef29000, 0x000002027ef6c800,
0x000002027f834800, 0x000002027f7f1000, 0x000002027fa4a000, 0x000002027f9a1800,
0x0000020212be6000
}

Java Threads: ( => current thread )
=>0x000002026ddea800 JavaThread "main" [_thread_in_native, id=11600, stack(0x000000adca500000,0x000000adca600000)]
  0x000002027ef0f800 JavaThread "Reference Handler" daemon [_thread_blocked, id=2096, stack(0x000000adcac00000,0x000000adcad00000)]
  0x000002027ef12800 JavaThread "Finalizer" daemon [_thread_blocked, id=10892, stack(0x000000adcad00000,0x000000adcae00000)]
  0x000002027ef24800 JavaThread "Signal Dispatcher" daemon [_thread_blocked, id=8152, stack(0x000000adcae00000,0x000000adcaf00000)]
  0x000002027ef25800 JavaThread "Attach Listener" daemon [_thread_blocked, id=10344, stack(0x000000adcaf00000,0x000000adcb000000)]
  0x000002027ef27000 JavaThread "Service Thread" daemon [_thread_blocked, id=8780, stack(0x000000adcb000000,0x000000adcb100000)]
  0x000002027ef29000 JavaThread "C2 CompilerThread0" daemon [_thread_blocked, id=5732, stack(0x000000adcb100000,0x000000adcb200000)]
  0x000002027ef6c800 JavaThread "C1 CompilerThread0" daemon [_thread_blocked, id=12516, stack(0x000000adcb200000,0x000000adcb300000)]
  0x000002027f834800 JavaThread "Sweeper thread" daemon [_thread_blocked, id=10872, stack(0x000000adcb300000,0x000000adcb400000)]
  0x000002027f7f1000 JavaThread "Common-Cleaner" daemon [_thread_blocked, id=10140, stack(0x000000adcb400000,0x000000adcb500000)]
  0x000002027fa4a000 JavaThread "Monitor Ctrl-Break" daemon [_thread_in_native, id=12500, stack(0x000000adcb500000,0x000000adcb600000)]
  0x000002027f9a1800 JavaThread "Notification Thread" daemon [_thread_blocked, id=868, stack(0x000000adcb600000,0x000000adcb700000)]
  0x0000020212be6000 JavaThread "C2 CompilerThread1" daemon [_thread_blocked, id=10248, stack(0x000000adcbb00000,0x000000adcbc00000)]

Other Threads:
  0x000002027ef0e800 VMThread "VM Thread" [stack: 0x000000adcab00000,0x000000adcac00000] [id=2336]
  0x000002027f9a2000 WatcherThread [stack: 0x000000adcb700000,0x000000adcb800000] [id=9648]
  0x000002026de48800 GCTaskThread "GC Thread#0" [stack: 0x000000adca600000,0x000000adca700000] [id=13976]
  0x0000020212c7c800 GCTaskThread "GC Thread#1" [stack: 0x000000adcbc00000,0x000000adcbd00000] [id=13528]
  0x0000020212bc1000 GCTaskThread "GC Thread#2" [stack: 0x000000adcbd00000,0x000000adcbe00000] [id=4676]
  0x00000202130ad000 GCTaskThread "GC Thread#3" [stack: 0x000000adcbe00000,0x000000adcbf00000] [id=6524]
  0x000002026de68000 ConcurrentGCThread "G1 Main Marker" [stack: 0x000000adca700000,0x000000adca800000] [id=4088]
  0x000002026de69800 ConcurrentGCThread "G1 Conc#0" [stack: 0x000000adca800000,0x000000adca900000] [id=4496]
  0x000002027edec000 ConcurrentGCThread "G1 Refine#0" [stack: 0x000000adca900000,0x000000adcaa00000] [id=7412]
  0x000002027edee000 ConcurrentGCThread "G1 Young RemSet Sampling" [stack: 0x000000adcaa00000,0x000000adcab00000] [id=540]

Threads with active compile tasks:

VM state:not at safepoint (normal execution)

VM Mutex/Monitor currently owned by a thread: None

Heap address: 0x0000000720c00000, size: 3572 MB, Compressed Oops mode: Zero based, Oop shift amount: 3
Narrow klass base: 0x0000000800000000, Narrow klass shift: 3
Compressed class space size: 1073741824 Address: 0x0000000800b30000

Heap:
 garbage-first heap   total 229376K, used 7697K [0x0000000720c00000, 0x0000000800000000)
  region size 1024K, 8 young (8192K), 2 survivors (2048K)
 Metaspace       used 5711K, capacity 8241K, committed 8320K, reserved 1056768K
  class space    used 343K, capacity 628K, committed 640K, reserved 1048576K
Heap Regions: E=young(eden), S=young(survivor), O=old, HS=humongous(starts), HC=humongous(continues), CS=collection set, F=free, OA=open archive, CA=closed archive, TAMS=top-at-mark-start (previous, next)
|   0|0x0000000720c00000, 0x0000000720c84600, 0x0000000720d00000| 51%| O|  |TAMS 0x0000000720c00000, 0x0000000720c00000| Untracked 
|   1|0x0000000720d00000, 0x0000000720d00000, 0x0000000720e00000|  0%| F|  |TAMS 0x0000000720d00000, 0x0000000720d00000| Untracked 
|   2|0x0000000720e00000, 0x0000000720e00000, 0x0000000720f00000|  0%| F|  |TAMS 0x0000000720e00000, 0x0000000720e00000| Untracked 
|   3|0x0000000720f00000, 0x0000000720f00000, 0x0000000721000000|  0%| F|  |TAMS 0x0000000720f00000, 0x0000000720f00000| Untracked 
|   4|0x0000000721000000, 0x0000000721000000, 0x0000000721100000|  0%| F|  |TAMS 0x0000000721000000, 0x0000000721000000| Untracked 
|   5|0x0000000721100000, 0x0000000721100000, 0x0000000721200000|  0%| F|  |TAMS 0x0000000721100000, 0x0000000721100000| Untracked 
|   6|0x0000000721200000, 0x0000000721200000, 0x0000000721300000|  0%| F|  |TAMS 0x0000000721200000, 0x0000000721200000| Untracked 
|   7|0x0000000721300000, 0x0000000721300000, 0x0000000721400000|  0%| F|  |TAMS 0x0000000721300000, 0x0000000721300000| Untracked 
|   8|0x0000000721400000, 0x0000000721400000, 0x0000000721500000|  0%| F|  |TAMS 0x0000000721400000, 0x0000000721400000| Untracked 
|   9|0x0000000721500000, 0x0000000721500000, 0x0000000721600000|  0%| F|  |TAMS 0x0000000721500000, 0x0000000721500000| Untracked 
|  10|0x0000000721600000, 0x0000000721600000, 0x0000000721700000|  0%| F|  |TAMS 0x0000000721600000, 0x0000000721600000| Untracked 
|  11|0x0000000721700000, 0x0000000721700000, 0x0000000721800000|  0%| F|  |TAMS 0x0000000721700000, 0x0000000721700000| Untracked 
|  12|0x0000000721800000, 0x0000000721800000, 0x0000000721900000|  0%| F|  |TAMS 0x0000000721800000, 0x0000000721800000| Untracked 
|  13|0x0000000721900000, 0x0000000721900000, 0x0000000721a00000|  0%| F|  |TAMS 0x0000000721900000, 0x0000000721900000| Untracked 
|  14|0x0000000721a00000, 0x0000000721a00000, 0x0000000721b00000|  0%| F|  |TAMS 0x0000000721a00000, 0x0000000721a00000| Untracked 
|  15|0x0000000721b00000, 0x0000000721b00000, 0x0000000721c00000|  0%| F|  |TAMS 0x0000000721b00000, 0x0000000721b00000| Untracked 
|  16|0x0000000721c00000, 0x0000000721c00000, 0x0000000721d00000|  0%| F|  |TAMS 0x0000000721c00000, 0x0000000721c00000| Untracked 
|  17|0x0000000721d00000, 0x0000000721d00000, 0x0000000721e00000|  0%| F|  |TAMS 0x0000000721d00000, 0x0000000721d00000| Untracked 
|  18|0x0000000721e00000, 0x0000000721e00000, 0x0000000721f00000|  0%| F|  |TAMS 0x0000000721e00000, 0x0000000721e00000| Untracked 
|  19|0x0000000721f00000, 0x0000000721f00000, 0x0000000722000000|  0%| F|  |TAMS 0x0000000721f00000, 0x0000000721f00000| Untracked 
|  20|0x0000000722000000, 0x0000000722000000, 0x0000000722100000|  0%| F|  |TAMS 0x0000000722000000, 0x0000000722000000| Untracked 
|  21|0x0000000722100000, 0x0000000722100000, 0x0000000722200000|  0%| F|  |TAMS 0x0000000722100000, 0x0000000722100000| Untracked 
|  22|0x0000000722200000, 0x0000000722200000, 0x0000000722300000|  0%| F|  |TAMS 0x0000000722200000, 0x0000000722200000| Untracked 
|  23|0x0000000722300000, 0x0000000722300000, 0x0000000722400000|  0%| F|  |TAMS 0x0000000722300000, 0x0000000722300000| Untracked 
|  24|0x0000000722400000, 0x0000000722400000, 0x0000000722500000|  0%| F|  |TAMS 0x0000000722400000, 0x0000000722400000| Untracked 
|  25|0x0000000722500000, 0x0000000722500000, 0x0000000722600000|  0%| F|  |TAMS 0x0000000722500000, 0x0000000722500000| Untracked 
|  26|0x0000000722600000, 0x0000000722600000, 0x0000000722700000|  0%| F|  |TAMS 0x0000000722600000, 0x0000000722600000| Untracked 
|  27|0x0000000722700000, 0x0000000722700000, 0x0000000722800000|  0%| F|  |TAMS 0x0000000722700000, 0x0000000722700000| Untracked 
|  28|0x0000000722800000, 0x0000000722800000, 0x0000000722900000|  0%| F|  |TAMS 0x0000000722800000, 0x0000000722800000| Untracked 
|  29|0x0000000722900000, 0x0000000722900000, 0x0000000722a00000|  0%| F|  |TAMS 0x0000000722900000, 0x0000000722900000| Untracked 
|  30|0x0000000722a00000, 0x0000000722a00000, 0x0000000722b00000|  0%| F|  |TAMS 0x0000000722a00000, 0x0000000722a00000| Untracked 
|  31|0x0000000722b00000, 0x0000000722b00000, 0x0000000722c00000|  0%| F|  |TAMS 0x0000000722b00000, 0x0000000722b00000| Untracked 
|  32|0x0000000722c00000, 0x0000000722c00000, 0x0000000722d00000|  0%| F|  |TAMS 0x0000000722c00000, 0x0000000722c00000| Untracked 
|  33|0x0000000722d00000, 0x0000000722d00000, 0x0000000722e00000|  0%| F|  |TAMS 0x0000000722d00000, 0x0000000722d00000| Untracked 
|  34|0x0000000722e00000, 0x0000000722e00000, 0x0000000722f00000|  0%| F|  |TAMS 0x0000000722e00000, 0x0000000722e00000| Untracked 
|  35|0x0000000722f00000, 0x0000000722f00000, 0x0000000723000000|  0%| F|  |TAMS 0x0000000722f00000, 0x0000000722f00000| Untracked 
|  36|0x0000000723000000, 0x0000000723000000, 0x0000000723100000|  0%| F|  |TAMS 0x0000000723000000, 0x0000000723000000| Untracked 
|  37|0x0000000723100000, 0x0000000723100000, 0x0000000723200000|  0%| F|  |TAMS 0x0000000723100000, 0x0000000723100000| Untracked 
|  38|0x0000000723200000, 0x0000000723200000, 0x0000000723300000|  0%| F|  |TAMS 0x0000000723200000, 0x0000000723200000| Untracked 
|  39|0x0000000723300000, 0x0000000723300000, 0x0000000723400000|  0%| F|  |TAMS 0x0000000723300000, 0x0000000723300000| Untracked 
|  40|0x0000000723400000, 0x0000000723400000, 0x0000000723500000|  0%| F|  |TAMS 0x0000000723400000, 0x0000000723400000| Untracked 
|  41|0x0000000723500000, 0x0000000723500000, 0x0000000723600000|  0%| F|  |TAMS 0x0000000723500000, 0x0000000723500000| Untracked 
|  42|0x0000000723600000, 0x0000000723600000, 0x0000000723700000|  0%| F|  |TAMS 0x0000000723600000, 0x0000000723600000| Untracked 
|  43|0x0000000723700000, 0x0000000723700000, 0x0000000723800000|  0%| F|  |TAMS 0x0000000723700000, 0x0000000723700000| Untracked 
|  44|0x0000000723800000, 0x0000000723800000, 0x0000000723900000|  0%| F|  |TAMS 0x0000000723800000, 0x0000000723800000| Untracked 
|  45|0x0000000723900000, 0x0000000723900000, 0x0000000723a00000|  0%| F|  |TAMS 0x0000000723900000, 0x0000000723900000| Untracked 
|  46|0x0000000723a00000, 0x0000000723a00000, 0x0000000723b00000|  0%| F|  |TAMS 0x0000000723a00000, 0x0000000723a00000| Untracked 
|  47|0x0000000723b00000, 0x0000000723b00000, 0x0000000723c00000|  0%| F|  |TAMS 0x0000000723b00000, 0x0000000723b00000| Untracked 
|  48|0x0000000723c00000, 0x0000000723c00000, 0x0000000723d00000|  0%| F|  |TAMS 0x0000000723c00000, 0x0000000723c00000| Untracked 
|  49|0x0000000723d00000, 0x0000000723d00000, 0x0000000723e00000|  0%| F|  |TAMS 0x0000000723d00000, 0x0000000723d00000| Untracked 
|  50|0x0000000723e00000, 0x0000000723e00000, 0x0000000723f00000|  0%| F|  |TAMS 0x0000000723e00000, 0x0000000723e00000| Untracked 
|  51|0x0000000723f00000, 0x0000000723f00000, 0x0000000724000000|  0%| F|  |TAMS 0x0000000723f00000, 0x0000000723f00000| Untracked 
|  52|0x0000000724000000, 0x0000000724000000, 0x0000000724100000|  0%| F|  |TAMS 0x0000000724000000, 0x0000000724000000| Untracked 
|  53|0x0000000724100000, 0x0000000724100000, 0x0000000724200000|  0%| F|  |TAMS 0x0000000724100000, 0x0000000724100000| Untracked 
|  54|0x0000000724200000, 0x0000000724200000, 0x0000000724300000|  0%| F|  |TAMS 0x0000000724200000, 0x0000000724200000| Untracked 
|  55|0x0000000724300000, 0x0000000724300000, 0x0000000724400000|  0%| F|  |TAMS 0x0000000724300000, 0x0000000724300000| Untracked 
|  56|0x0000000724400000, 0x0000000724400000, 0x0000000724500000|  0%| F|  |TAMS 0x0000000724400000, 0x0000000724400000| Untracked 
|  57|0x0000000724500000, 0x0000000724500000, 0x0000000724600000|  0%| F|  |TAMS 0x0000000724500000, 0x0000000724500000| Untracked 
|  58|0x0000000724600000, 0x0000000724600000, 0x0000000724700000|  0%| F|  |TAMS 0x0000000724600000, 0x0000000724600000| Untracked 
|  59|0x0000000724700000, 0x0000000724700000, 0x0000000724800000|  0%| F|  |TAMS 0x0000000724700000, 0x0000000724700000| Untracked 
|  60|0x0000000724800000, 0x0000000724800000, 0x0000000724900000|  0%| F|  |TAMS 0x0000000724800000, 0x0000000724800000| Untracked 
|  61|0x0000000724900000, 0x0000000724900000, 0x0000000724a00000|  0%| F|  |TAMS 0x0000000724900000, 0x0000000724900000| Untracked 
|  62|0x0000000724a00000, 0x0000000724a00000, 0x0000000724b00000|  0%| F|  |TAMS 0x0000000724a00000, 0x0000000724a00000| Untracked 
|  63|0x0000000724b00000, 0x0000000724b00000, 0x0000000724c00000|  0%| F|  |TAMS 0x0000000724b00000, 0x0000000724b00000| Untracked 
|  64|0x0000000724c00000, 0x0000000724c00000, 0x0000000724d00000|  0%| F|  |TAMS 0x0000000724c00000, 0x0000000724c00000| Untracked 
|  65|0x0000000724d00000, 0x0000000724d00000, 0x0000000724e00000|  0%| F|  |TAMS 0x0000000724d00000, 0x0000000724d00000| Untracked 
|  66|0x0000000724e00000, 0x0000000724e00000, 0x0000000724f00000|  0%| F|  |TAMS 0x0000000724e00000, 0x0000000724e00000| Untracked 
|  67|0x0000000724f00000, 0x0000000724f00000, 0x0000000725000000|  0%| F|  |TAMS 0x0000000724f00000, 0x0000000724f00000| Untracked 
|  68|0x0000000725000000, 0x0000000725000000, 0x0000000725100000|  0%| F|  |TAMS 0x0000000725000000, 0x0000000725000000| Untracked 
|  69|0x0000000725100000, 0x0000000725100000, 0x0000000725200000|  0%| F|  |TAMS 0x0000000725100000, 0x0000000725100000| Untracked 
|  70|0x0000000725200000, 0x0000000725200000, 0x0000000725300000|  0%| F|  |TAMS 0x0000000725200000, 0x0000000725200000| Untracked 
|  71|0x0000000725300000, 0x0000000725300000, 0x0000000725400000|  0%| F|  |TAMS 0x0000000725300000, 0x0000000725300000| Untracked 
|  72|0x0000000725400000, 0x0000000725400000, 0x0000000725500000|  0%| F|  |TAMS 0x0000000725400000, 0x0000000725400000| Untracked 
|  73|0x0000000725500000, 0x0000000725500000, 0x0000000725600000|  0%| F|  |TAMS 0x0000000725500000, 0x0000000725500000| Untracked 
|  74|0x0000000725600000, 0x0000000725600000, 0x0000000725700000|  0%| F|  |TAMS 0x0000000725600000, 0x0000000725600000| Untracked 
|  75|0x0000000725700000, 0x0000000725700000, 0x0000000725800000|  0%| F|  |TAMS 0x0000000725700000, 0x0000000725700000| Untracked 
|  76|0x0000000725800000, 0x0000000725800000, 0x0000000725900000|  0%| F|  |TAMS 0x0000000725800000, 0x0000000725800000| Untracked 
|  77|0x0000000725900000, 0x0000000725900000, 0x0000000725a00000|  0%| F|  |TAMS 0x0000000725900000, 0x0000000725900000| Untracked 
|  78|0x0000000725a00000, 0x0000000725a00000, 0x0000000725b00000|  0%| F|  |TAMS 0x0000000725a00000, 0x0000000725a00000| Untracked 
|  79|0x0000000725b00000, 0x0000000725b00000, 0x0000000725c00000|  0%| F|  |TAMS 0x0000000725b00000, 0x0000000725b00000| Untracked 
|  80|0x0000000725c00000, 0x0000000725c00000, 0x0000000725d00000|  0%| F|  |TAMS 0x0000000725c00000, 0x0000000725c00000| Untracked 
|  81|0x0000000725d00000, 0x0000000725d00000, 0x0000000725e00000|  0%| F|  |TAMS 0x0000000725d00000, 0x0000000725d00000| Untracked 
|  82|0x0000000725e00000, 0x0000000725e00000, 0x0000000725f00000|  0%| F|  |TAMS 0x0000000725e00000, 0x0000000725e00000| Untracked 
|  83|0x0000000725f00000, 0x0000000725f00000, 0x0000000726000000|  0%| F|  |TAMS 0x0000000725f00000, 0x0000000725f00000| Untracked 
|  84|0x0000000726000000, 0x0000000726000000, 0x0000000726100000|  0%| F|  |TAMS 0x0000000726000000, 0x0000000726000000| Untracked 
|  85|0x0000000726100000, 0x0000000726100000, 0x0000000726200000|  0%| F|  |TAMS 0x0000000726100000, 0x0000000726100000| Untracked 
|  86|0x0000000726200000, 0x0000000726200000, 0x0000000726300000|  0%| F|  |TAMS 0x0000000726200000, 0x0000000726200000| Untracked 
|  87|0x0000000726300000, 0x0000000726300000, 0x0000000726400000|  0%| F|  |TAMS 0x0000000726300000, 0x0000000726300000| Untracked 
|  88|0x0000000726400000, 0x0000000726400000, 0x0000000726500000|  0%| F|  |TAMS 0x0000000726400000, 0x0000000726400000| Untracked 
|  89|0x0000000726500000, 0x0000000726500000, 0x0000000726600000|  0%| F|  |TAMS 0x0000000726500000, 0x0000000726500000| Untracked 
|  90|0x0000000726600000, 0x0000000726600000, 0x0000000726700000|  0%| F|  |TAMS 0x0000000726600000, 0x0000000726600000| Untracked 
|  91|0x0000000726700000, 0x0000000726700000, 0x0000000726800000|  0%| F|  |TAMS 0x0000000726700000, 0x0000000726700000| Untracked 
|  92|0x0000000726800000, 0x0000000726800000, 0x0000000726900000|  0%| F|  |TAMS 0x0000000726800000, 0x0000000726800000| Untracked 
|  93|0x0000000726900000, 0x0000000726900000, 0x0000000726a00000|  0%| F|  |TAMS 0x0000000726900000, 0x0000000726900000| Untracked 
|  94|0x0000000726a00000, 0x0000000726a00000, 0x0000000726b00000|  0%| F|  |TAMS 0x0000000726a00000, 0x0000000726a00000| Untracked 
|  95|0x0000000726b00000, 0x0000000726b00000, 0x0000000726c00000|  0%| F|  |TAMS 0x0000000726b00000, 0x0000000726b00000| Untracked 
|  96|0x0000000726c00000, 0x0000000726c00000, 0x0000000726d00000|  0%| F|  |TAMS 0x0000000726c00000, 0x0000000726c00000| Untracked 
|  97|0x0000000726d00000, 0x0000000726d00000, 0x0000000726e00000|  0%| F|  |TAMS 0x0000000726d00000, 0x0000000726d00000| Untracked 
|  98|0x0000000726e00000, 0x0000000726e00000, 0x0000000726f00000|  0%| F|  |TAMS 0x0000000726e00000, 0x0000000726e00000| Untracked 
|  99|0x0000000726f00000, 0x0000000726f00000, 0x0000000727000000|  0%| F|  |TAMS 0x0000000726f00000, 0x0000000726f00000| Untracked 
| 100|0x0000000727000000, 0x0000000727000000, 0x0000000727100000|  0%| F|  |TAMS 0x0000000727000000, 0x0000000727000000| Untracked 
| 101|0x0000000727100000, 0x0000000727100000, 0x0000000727200000|  0%| F|  |TAMS 0x0000000727100000, 0x0000000727100000| Untracked 
| 102|0x0000000727200000, 0x0000000727200000, 0x0000000727300000|  0%| F|  |TAMS 0x0000000727200000, 0x0000000727200000| Untracked 
| 103|0x0000000727300000, 0x0000000727300000, 0x0000000727400000|  0%| F|  |TAMS 0x0000000727300000, 0x0000000727300000| Untracked 
| 104|0x0000000727400000, 0x0000000727400000, 0x0000000727500000|  0%| F|  |TAMS 0x0000000727400000, 0x0000000727400000| Untracked 
| 105|0x0000000727500000, 0x0000000727500000, 0x0000000727600000|  0%| F|  |TAMS 0x0000000727500000, 0x0000000727500000| Untracked 
| 106|0x0000000727600000, 0x0000000727600000, 0x0000000727700000|  0%| F|  |TAMS 0x0000000727600000, 0x0000000727600000| Untracked 
| 107|0x0000000727700000, 0x0000000727700000, 0x0000000727800000|  0%| F|  |TAMS 0x0000000727700000, 0x0000000727700000| Untracked 
| 108|0x0000000727800000, 0x0000000727800000, 0x0000000727900000|  0%| F|  |TAMS 0x0000000727800000, 0x0000000727800000| Untracked 
| 109|0x0000000727900000, 0x0000000727900000, 0x0000000727a00000|  0%| F|  |TAMS 0x0000000727900000, 0x0000000727900000| Untracked 
| 110|0x0000000727a00000, 0x0000000727a00000, 0x0000000727b00000|  0%| F|  |TAMS 0x0000000727a00000, 0x0000000727a00000| Untracked 
| 111|0x0000000727b00000, 0x0000000727b00000, 0x0000000727c00000|  0%| F|  |TAMS 0x0000000727b00000, 0x0000000727b00000| Untracked 
| 112|0x0000000727c00000, 0x0000000727c00000, 0x0000000727d00000|  0%| F|  |TAMS 0x0000000727c00000, 0x0000000727c00000| Untracked 
| 113|0x0000000727d00000, 0x0000000727d00000, 0x0000000727e00000|  0%| F|  |TAMS 0x0000000727d00000, 0x0000000727d00000| Untracked 
| 114|0x0000000727e00000, 0x0000000727e00000, 0x0000000727f00000|  0%| F|  |TAMS 0x0000000727e00000, 0x0000000727e00000| Untracked 
| 115|0x0000000727f00000, 0x0000000727f00000, 0x0000000728000000|  0%| F|  |TAMS 0x0000000727f00000, 0x0000000727f00000| Untracked 
| 116|0x0000000728000000, 0x0000000728000000, 0x0000000728100000|  0%| F|  |TAMS 0x0000000728000000, 0x0000000728000000| Untracked 
| 117|0x0000000728100000, 0x0000000728100000, 0x0000000728200000|  0%| F|  |TAMS 0x0000000728100000, 0x0000000728100000| Untracked 
| 118|0x0000000728200000, 0x0000000728200000, 0x0000000728300000|  0%| F|  |TAMS 0x0000000728200000, 0x0000000728200000| Untracked 
| 119|0x0000000728300000, 0x0000000728300000, 0x0000000728400000|  0%| F|  |TAMS 0x0000000728300000, 0x0000000728300000| Untracked 
| 120|0x0000000728400000, 0x0000000728400000, 0x0000000728500000|  0%| F|  |TAMS 0x0000000728400000, 0x0000000728400000| Untracked 
| 121|0x0000000728500000, 0x0000000728500000, 0x0000000728600000|  0%| F|  |TAMS 0x0000000728500000, 0x0000000728500000| Untracked 
| 122|0x0000000728600000, 0x0000000728600000, 0x0000000728700000|  0%| F|  |TAMS 0x0000000728600000, 0x0000000728600000| Untracked 
| 123|0x0000000728700000, 0x0000000728700000, 0x0000000728800000|  0%| F|  |TAMS 0x0000000728700000, 0x0000000728700000| Untracked 
| 124|0x0000000728800000, 0x0000000728800000, 0x0000000728900000|  0%| F|  |TAMS 0x0000000728800000, 0x0000000728800000| Untracked 
| 125|0x0000000728900000, 0x0000000728900000, 0x0000000728a00000|  0%| F|  |TAMS 0x0000000728900000, 0x0000000728900000| Untracked 
| 126|0x0000000728a00000, 0x0000000728a00000, 0x0000000728b00000|  0%| F|  |TAMS 0x0000000728a00000, 0x0000000728a00000| Untracked 
| 127|0x0000000728b00000, 0x0000000728b00000, 0x0000000728c00000|  0%| F|  |TAMS 0x0000000728b00000, 0x0000000728b00000| Untracked 
| 128|0x0000000728c00000, 0x0000000728c00000, 0x0000000728d00000|  0%| F|  |TAMS 0x0000000728c00000, 0x0000000728c00000| Untracked 
| 129|0x0000000728d00000, 0x0000000728d00000, 0x0000000728e00000|  0%| F|  |TAMS 0x0000000728d00000, 0x0000000728d00000| Untracked 
| 130|0x0000000728e00000, 0x0000000728e00000, 0x0000000728f00000|  0%| F|  |TAMS 0x0000000728e00000, 0x0000000728e00000| Untracked 
| 131|0x0000000728f00000, 0x0000000728f00000, 0x0000000729000000|  0%| F|  |TAMS 0x0000000728f00000, 0x0000000728f00000| Untracked 
| 132|0x0000000729000000, 0x0000000729000000, 0x0000000729100000|  0%| F|  |TAMS 0x0000000729000000, 0x0000000729000000| Untracked 
| 133|0x0000000729100000, 0x0000000729100000, 0x0000000729200000|  0%| F|  |TAMS 0x0000000729100000, 0x0000000729100000| Untracked 
| 134|0x0000000729200000, 0x0000000729200000, 0x0000000729300000|  0%| F|  |TAMS 0x0000000729200000, 0x0000000729200000| Untracked 
| 135|0x0000000729300000, 0x0000000729300000, 0x0000000729400000|  0%| F|  |TAMS 0x0000000729300000, 0x0000000729300000| Untracked 
| 136|0x0000000729400000, 0x0000000729400000, 0x0000000729500000|  0%| F|  |TAMS 0x0000000729400000, 0x0000000729400000| Untracked 
| 137|0x0000000729500000, 0x0000000729500000, 0x0000000729600000|  0%| F|  |TAMS 0x0000000729500000, 0x0000000729500000| Untracked 
| 138|0x0000000729600000, 0x0000000729600000, 0x0000000729700000|  0%| F|  |TAMS 0x0000000729600000, 0x0000000729600000| Untracked 
| 139|0x0000000729700000, 0x0000000729700000, 0x0000000729800000|  0%| F|  |TAMS 0x0000000729700000, 0x0000000729700000| Untracked 
| 140|0x0000000729800000, 0x0000000729800000, 0x0000000729900000|  0%| F|  |TAMS 0x0000000729800000, 0x0000000729800000| Untracked 
| 141|0x0000000729900000, 0x0000000729900000, 0x0000000729a00000|  0%| F|  |TAMS 0x0000000729900000, 0x0000000729900000| Untracked 
| 142|0x0000000729a00000, 0x0000000729a00000, 0x0000000729b00000|  0%| F|  |TAMS 0x0000000729a00000, 0x0000000729a00000| Untracked 
| 143|0x0000000729b00000, 0x0000000729b00000, 0x0000000729c00000|  0%| F|  |TAMS 0x0000000729b00000, 0x0000000729b00000| Untracked 
| 144|0x0000000729c00000, 0x0000000729c00000, 0x0000000729d00000|  0%| F|  |TAMS 0x0000000729c00000, 0x0000000729c00000| Untracked 
| 145|0x0000000729d00000, 0x0000000729d00000, 0x0000000729e00000|  0%| F|  |TAMS 0x0000000729d00000, 0x0000000729d00000| Untracked 
| 146|0x0000000729e00000, 0x0000000729e00000, 0x0000000729f00000|  0%| F|  |TAMS 0x0000000729e00000, 0x0000000729e00000| Untracked 
| 147|0x0000000729f00000, 0x0000000729f00000, 0x000000072a000000|  0%| F|  |TAMS 0x0000000729f00000, 0x0000000729f00000| Untracked 
| 148|0x000000072a000000, 0x000000072a000000, 0x000000072a100000|  0%| F|  |TAMS 0x000000072a000000, 0x000000072a000000| Untracked 
| 149|0x000000072a100000, 0x000000072a100000, 0x000000072a200000|  0%| F|  |TAMS 0x000000072a100000, 0x000000072a100000| Untracked 
| 150|0x000000072a200000, 0x000000072a200000, 0x000000072a300000|  0%| F|  |TAMS 0x000000072a200000, 0x000000072a200000| Untracked 
| 151|0x000000072a300000, 0x000000072a300000, 0x000000072a400000|  0%| F|  |TAMS 0x000000072a300000, 0x000000072a300000| Untracked 
| 152|0x000000072a400000, 0x000000072a400000, 0x000000072a500000|  0%| F|  |TAMS 0x000000072a400000, 0x000000072a400000| Untracked 
| 153|0x000000072a500000, 0x000000072a500000, 0x000000072a600000|  0%| F|  |TAMS 0x000000072a500000, 0x000000072a500000| Untracked 
| 154|0x000000072a600000, 0x000000072a600000, 0x000000072a700000|  0%| F|  |TAMS 0x000000072a600000, 0x000000072a600000| Untracked 
| 155|0x000000072a700000, 0x000000072a700000, 0x000000072a800000|  0%| F|  |TAMS 0x000000072a700000, 0x000000072a700000| Untracked 
| 156|0x000000072a800000, 0x000000072a800000, 0x000000072a900000|  0%| F|  |TAMS 0x000000072a800000, 0x000000072a800000| Untracked 
| 157|0x000000072a900000, 0x000000072a900000, 0x000000072aa00000|  0%| F|  |TAMS 0x000000072a900000, 0x000000072a900000| Untracked 
| 158|0x000000072aa00000, 0x000000072aa00000, 0x000000072ab00000|  0%| F|  |TAMS 0x000000072aa00000, 0x000000072aa00000| Untracked 
| 159|0x000000072ab00000, 0x000000072ab00000, 0x000000072ac00000|  0%| F|  |TAMS 0x000000072ab00000, 0x000000072ab00000| Untracked 
| 160|0x000000072ac00000, 0x000000072ac00000, 0x000000072ad00000|  0%| F|  |TAMS 0x000000072ac00000, 0x000000072ac00000| Untracked 
| 161|0x000000072ad00000, 0x000000072ad00000, 0x000000072ae00000|  0%| F|  |TAMS 0x000000072ad00000, 0x000000072ad00000| Untracked 
| 162|0x000000072ae00000, 0x000000072ae00000, 0x000000072af00000|  0%| F|  |TAMS 0x000000072ae00000, 0x000000072ae00000| Untracked 
| 163|0x000000072af00000, 0x000000072af00000, 0x000000072b000000|  0%| F|  |TAMS 0x000000072af00000, 0x000000072af00000| Untracked 
| 164|0x000000072b000000, 0x000000072b000000, 0x000000072b100000|  0%| F|  |TAMS 0x000000072b000000, 0x000000072b000000| Untracked 
| 165|0x000000072b100000, 0x000000072b100000, 0x000000072b200000|  0%| F|  |TAMS 0x000000072b100000, 0x000000072b100000| Untracked 
| 166|0x000000072b200000, 0x000000072b200000, 0x000000072b300000|  0%| F|  |TAMS 0x000000072b200000, 0x000000072b200000| Untracked 
| 167|0x000000072b300000, 0x000000072b300000, 0x000000072b400000|  0%| F|  |TAMS 0x000000072b300000, 0x000000072b300000| Untracked 
| 168|0x000000072b400000, 0x000000072b400000, 0x000000072b500000|  0%| F|  |TAMS 0x000000072b400000, 0x000000072b400000| Untracked 
| 169|0x000000072b500000, 0x000000072b500000, 0x000000072b600000|  0%| F|  |TAMS 0x000000072b500000, 0x000000072b500000| Untracked 
| 170|0x000000072b600000, 0x000000072b600000, 0x000000072b700000|  0%| F|  |TAMS 0x000000072b600000, 0x000000072b600000| Untracked 
| 171|0x000000072b700000, 0x000000072b700000, 0x000000072b800000|  0%| F|  |TAMS 0x000000072b700000, 0x000000072b700000| Untracked 
| 172|0x000000072b800000, 0x000000072b800000, 0x000000072b900000|  0%| F|  |TAMS 0x000000072b800000, 0x000000072b800000| Untracked 
| 173|0x000000072b900000, 0x000000072b900000, 0x000000072ba00000|  0%| F|  |TAMS 0x000000072b900000, 0x000000072b900000| Untracked 
| 174|0x000000072ba00000, 0x000000072ba00000, 0x000000072bb00000|  0%| F|  |TAMS 0x000000072ba00000, 0x000000072ba00000| Untracked 
| 175|0x000000072bb00000, 0x000000072bb00000, 0x000000072bc00000|  0%| F|  |TAMS 0x000000072bb00000, 0x000000072bb00000| Untracked 
| 176|0x000000072bc00000, 0x000000072bc00000, 0x000000072bd00000|  0%| F|  |TAMS 0x000000072bc00000, 0x000000072bc00000| Untracked 
| 177|0x000000072bd00000, 0x000000072bd00000, 0x000000072be00000|  0%| F|  |TAMS 0x000000072bd00000, 0x000000072bd00000| Untracked 
| 178|0x000000072be00000, 0x000000072be00000, 0x000000072bf00000|  0%| F|  |TAMS 0x000000072be00000, 0x000000072be00000| Untracked 
| 179|0x000000072bf00000, 0x000000072bf00000, 0x000000072c000000|  0%| F|  |TAMS 0x000000072bf00000, 0x000000072bf00000| Untracked 
| 180|0x000000072c000000, 0x000000072c000000, 0x000000072c100000|  0%| F|  |TAMS 0x000000072c000000, 0x000000072c000000| Untracked 
| 181|0x000000072c100000, 0x000000072c100000, 0x000000072c200000|  0%| F|  |TAMS 0x000000072c100000, 0x000000072c100000| Untracked 
| 182|0x000000072c200000, 0x000000072c200000, 0x000000072c300000|  0%| F|  |TAMS 0x000000072c200000, 0x000000072c200000| Untracked 
| 183|0x000000072c300000, 0x000000072c300000, 0x000000072c400000|  0%| F|  |TAMS 0x000000072c300000, 0x000000072c300000| Untracked 
| 184|0x000000072c400000, 0x000000072c400000, 0x000000072c500000|  0%| F|  |TAMS 0x000000072c400000, 0x000000072c400000| Untracked 
| 185|0x000000072c500000, 0x000000072c500000, 0x000000072c600000|  0%| F|  |TAMS 0x000000072c500000, 0x000000072c500000| Untracked 
| 186|0x000000072c600000, 0x000000072c600000, 0x000000072c700000|  0%| F|  |TAMS 0x000000072c600000, 0x000000072c600000| Untracked 
| 187|0x000000072c700000, 0x000000072c700000, 0x000000072c800000|  0%| F|  |TAMS 0x000000072c700000, 0x000000072c700000| Untracked 
| 188|0x000000072c800000, 0x000000072c800000, 0x000000072c900000|  0%| F|  |TAMS 0x000000072c800000, 0x000000072c800000| Untracked 
| 189|0x000000072c900000, 0x000000072c900000, 0x000000072ca00000|  0%| F|  |TAMS 0x000000072c900000, 0x000000072c900000| Untracked 
| 190|0x000000072ca00000, 0x000000072ca00000, 0x000000072cb00000|  0%| F|  |TAMS 0x000000072ca00000, 0x000000072ca00000| Untracked 
| 191|0x000000072cb00000, 0x000000072cb00000, 0x000000072cc00000|  0%| F|  |TAMS 0x000000072cb00000, 0x000000072cb00000| Untracked 
| 192|0x000000072cc00000, 0x000000072cc00000, 0x000000072cd00000|  0%| F|  |TAMS 0x000000072cc00000, 0x000000072cc00000| Untracked 
| 193|0x000000072cd00000, 0x000000072cd00000, 0x000000072ce00000|  0%| F|  |TAMS 0x000000072cd00000, 0x000000072cd00000| Untracked 
| 194|0x000000072ce00000, 0x000000072ce00000, 0x000000072cf00000|  0%| F|  |TAMS 0x000000072ce00000, 0x000000072ce00000| Untracked 
| 195|0x000000072cf00000, 0x000000072cf00000, 0x000000072d000000|  0%| F|  |TAMS 0x000000072cf00000, 0x000000072cf00000| Untracked 
| 196|0x000000072d000000, 0x000000072d000000, 0x000000072d100000|  0%| F|  |TAMS 0x000000072d000000, 0x000000072d000000| Untracked 
| 197|0x000000072d100000, 0x000000072d100000, 0x000000072d200000|  0%| F|  |TAMS 0x000000072d100000, 0x000000072d100000| Untracked 
| 198|0x000000072d200000, 0x000000072d200000, 0x000000072d300000|  0%| F|  |TAMS 0x000000072d200000, 0x000000072d200000| Untracked 
| 199|0x000000072d300000, 0x000000072d300000, 0x000000072d400000|  0%| F|  |TAMS 0x000000072d300000, 0x000000072d300000| Untracked 
| 200|0x000000072d400000, 0x000000072d400000, 0x000000072d500000|  0%| F|  |TAMS 0x000000072d400000, 0x000000072d400000| Untracked 
| 201|0x000000072d500000, 0x000000072d500000, 0x000000072d600000|  0%| F|  |TAMS 0x000000072d500000, 0x000000072d500000| Untracked 
| 202|0x000000072d600000, 0x000000072d600000, 0x000000072d700000|  0%| F|  |TAMS 0x000000072d600000, 0x000000072d600000| Untracked 
| 203|0x000000072d700000, 0x000000072d700000, 0x000000072d800000|  0%| F|  |TAMS 0x000000072d700000, 0x000000072d700000| Untracked 
| 204|0x000000072d800000, 0x000000072d800000, 0x000000072d900000|  0%| F|  |TAMS 0x000000072d800000, 0x000000072d800000| Untracked 
| 205|0x000000072d900000, 0x000000072d900000, 0x000000072da00000|  0%| F|  |TAMS 0x000000072d900000, 0x000000072d900000| Untracked 
| 206|0x000000072da00000, 0x000000072da00000, 0x000000072db00000|  0%| F|  |TAMS 0x000000072da00000, 0x000000072da00000| Untracked 
| 207|0x000000072db00000, 0x000000072db00000, 0x000000072dc00000|  0%| F|  |TAMS 0x000000072db00000, 0x000000072db00000| Untracked 
| 208|0x000000072dc00000, 0x000000072dc00000, 0x000000072dd00000|  0%| F|  |TAMS 0x000000072dc00000, 0x000000072dc00000| Untracked 
| 209|0x000000072dd00000, 0x000000072de00000, 0x000000072de00000|100%| S|CS|TAMS 0x000000072dd00000, 0x000000072dd00000| Complete 
| 210|0x000000072de00000, 0x000000072df00000, 0x000000072df00000|100%| S|CS|TAMS 0x000000072de00000, 0x000000072de00000| Complete 
| 211|0x000000072df00000, 0x000000072df00000, 0x000000072e000000|  0%| F|  |TAMS 0x000000072df00000, 0x000000072df00000| Untracked 
| 212|0x000000072e000000, 0x000000072e000000, 0x000000072e100000|  0%| F|  |TAMS 0x000000072e000000, 0x000000072e000000| Untracked 
| 213|0x000000072e100000, 0x000000072e100000, 0x000000072e200000|  0%| F|  |TAMS 0x000000072e100000, 0x000000072e100000| Untracked 
| 214|0x000000072e200000, 0x000000072e200000, 0x000000072e300000|  0%| F|  |TAMS 0x000000072e200000, 0x000000072e200000| Untracked 
| 215|0x000000072e300000, 0x000000072e300000, 0x000000072e400000|  0%| F|  |TAMS 0x000000072e300000, 0x000000072e300000| Untracked 
| 216|0x000000072e400000, 0x000000072e400000, 0x000000072e500000|  0%| F|  |TAMS 0x000000072e400000, 0x000000072e400000| Untracked 
| 217|0x000000072e500000, 0x000000072e500000, 0x000000072e600000|  0%| F|  |TAMS 0x000000072e500000, 0x000000072e500000| Untracked 
| 218|0x000000072e600000, 0x000000072e69aab8, 0x000000072e700000| 60%| E|  |TAMS 0x000000072e600000, 0x000000072e600000| Complete 
| 219|0x000000072e700000, 0x000000072e800000, 0x000000072e800000|100%| E|CS|TAMS 0x000000072e700000, 0x000000072e700000| Complete 
| 220|0x000000072e800000, 0x000000072e900000, 0x000000072e900000|100%| E|CS|TAMS 0x000000072e800000, 0x000000072e800000| Complete 
| 221|0x000000072e900000, 0x000000072ea00000, 0x000000072ea00000|100%| E|CS|TAMS 0x000000072e900000, 0x000000072e900000| Complete 
| 222|0x000000072ea00000, 0x000000072eb00000, 0x000000072eb00000|100%| E|CS|TAMS 0x000000072ea00000, 0x000000072ea00000| Complete 
| 223|0x000000072eb00000, 0x000000072ec00000, 0x000000072ec00000|100%| E|CS|TAMS 0x000000072eb00000, 0x000000072eb00000| Complete 

Card table byte_map: [0x0000020276ca0000,0x00000202773a0000] _byte_map_base: 0x000002027339a000

Marking Bits (Prev, Next): (CMBitMap*) 0x000002026de4b6d8, (CMBitMap*) 0x000002026de4b718
 Prev Bits: [0x0000020277aa0000, 0x000002027b270000)
 Next Bits: [0x000002027b270000, 0x000002027ea40000)

Polling page: 0x000002026bc10000

Metaspace:

Usage:
  Non-class:      7.43 MB capacity,     5.24 MB ( 71%) used,     2.18 MB ( 29%) free+waste,    11.00 KB ( <1%) overhead. 
      Class:    628.00 KB capacity,   343.25 KB ( 55%) used,   279.44 KB ( 44%) free+waste,     5.31 KB ( <1%) overhead. 
       Both:      8.05 MB capacity,     5.58 MB ( 69%) used,     2.45 MB ( 30%) free+waste,    16.31 KB ( <1%) overhead. 

Virtual space:
  Non-class space:        8.00 MB reserved,       7.50 MB ( 94%) committed 
      Class space:        1.00 GB reserved,     640.00 KB ( <1%) committed 
             Both:        1.01 GB reserved,       8.13 MB ( <1%) committed 

Chunk freelists:
   Non-Class:  67.00 KB
       Class:  0 bytes
        Both:  67.00 KB

MaxMetaspaceSize: 17179869184.00 GB
CompressedClassSpaceSize: 1.00 GB

CodeHeap 'non-profiled nmethods': size=120000Kb used=275Kb max_used=275Kb free=119724Kb
 bounds [0x0000020207ad0000, 0x0000020207d40000, 0x000002020f000000]
CodeHeap 'profiled nmethods': size=120000Kb used=1392Kb max_used=1392Kb free=118607Kb
 bounds [0x00000202005a0000, 0x0000020200810000, 0x0000020207ad0000]
CodeHeap 'non-nmethods': size=5760Kb used=1574Kb max_used=1589Kb free=4185Kb
 bounds [0x0000020200000000, 0x0000020200270000, 0x00000202005a0000]
 total_blobs=1779 nmethods=825 adapters=867
 compilation: enabled
              stopped_count=0, restarted_count=0
 full_count=0

Compilation events (20 events):
Event: 0.686 Thread 0x000002027ef6c800  815       3       java.lang.invoke.MemberName::isConstructor (8 bytes)
Event: 0.686 Thread 0x000002027ef6c800 nmethod 815 0x00000202006f8390 code [0x00000202006f8540, 0x00000202006f8798]
Event: 0.686 Thread 0x0000020212be6000  816       4       sun.misc.Unsafe::putByte (9 bytes)
Event: 0.686 Thread 0x0000020212be6000 nmethod 816 0x0000020207b13c10 code [0x0000020207b13d80, 0x0000020207b13df8]
Event: 0.687 Thread 0x000002027ef6c800  817       3       jdk.internal.jimage.ImageStringsReader::get (9 bytes)
Event: 0.687 Thread 0x000002027ef6c800 nmethod 817 0x00000202006f8890 code [0x00000202006f8a40, 0x00000202006f8c28]
Event: 0.687 Thread 0x000002027ef6c800  818       3       jdk.internal.jimage.BasicImageReader::getString (49 bytes)
Event: 0.687 Thread 0x0000020212be6000  820       4       java.lang.AbstractStringBuilder::append (77 bytes)
Event: 0.687 Thread 0x000002027ef6c800 nmethod 818 0x00000202006f8d10 code [0x00000202006f8f60, 0x00000202006f9a38]
Event: 0.687 Thread 0x000002027ef6c800  819       3       jdk.internal.jimage.ImageStringsReader::stringFromByteBuffer (28 bytes)
Event: 0.687 Thread 0x000002027ef6c800 nmethod 819 0x00000202006f9d90 code [0x00000202006f9f60, 0x00000202006fa358]
Event: 0.688 Thread 0x000002027ef6c800  821       3       java.nio.HeapCharBuffer::ix (7 bytes)
Event: 0.688 Thread 0x000002027ef6c800 nmethod 821 0x00000202006fa510 code [0x00000202006fa6a0, 0x00000202006fa7b8]
Event: 0.688 Thread 0x000002027ef6c800  822       3       java.lang.Character::codePointAt (51 bytes)
Event: 0.688 Thread 0x000002027ef6c800 nmethod 822 0x00000202006fa890 code [0x00000202006faa80, 0x00000202006fb108]
Event: 0.688 Thread 0x000002027ef6c800  823       3       java.nio.CharBuffer::charAt (16 bytes)
Event: 0.688 Thread 0x000002027ef6c800 nmethod 823 0x00000202006fb290 code [0x00000202006fb460, 0x00000202006fb818]
Event: 0.689 Thread 0x000002027ef6c800  824       3       java.lang.AbstractStringBuilder::append (45 bytes)
Event: 0.689 Thread 0x000002027ef6c800 nmethod 824 0x00000202006fb990 code [0x00000202006fbba0, 0x00000202006fc0d8]
Event: 0.690 Thread 0x0000020212be6000 nmethod 820 0x0000020207b13f10 code [0x0000020207b14100, 0x0000020207b146e8]

GC Heap History (2 events):
Event: 0.610 GC heap before
{Heap before GC invocations=0 (full 0):
 garbage-first heap   total 229376K, used 12288K [0x0000000720c00000, 0x0000000800000000)
  region size 1024K, 13 young (13312K), 0 survivors (0K)
 Metaspace       used 4332K, capacity 7095K, committed 7296K, reserved 1056768K
  class space    used 277K, capacity 542K, committed 640K, reserved 1048576K
}
Event: 0.616 GC heap after
{Heap after GC invocations=1 (full 0):
 garbage-first heap   total 229376K, used 2577K [0x0000000720c00000, 0x0000000800000000)
  region size 1024K, 2 young (2048K), 2 survivors (2048K)
 Metaspace       used 4332K, capacity 7095K, committed 7296K, reserved 1056768K
  class space    used 277K, capacity 542K, committed 640K, reserved 1048576K
}

Deoptimization events (20 events):
Event: 0.685 Thread 0x000002026ddea800 Uncommon trap: trap_request=0xffffff45 fr.pc=0x0000020207af8a44 relative=0x0000000000000524
Event: 0.685 Thread 0x000002026ddea800 Uncommon trap: reason=unstable_if action=reinterpret pc=0x0000020207af8a44 method=java.lang.AbstractStringBuilder.putStringAt(ILjava/lang/String;)V @ 8 c2
Event: 0.685 Thread 0x000002026ddea800 DEOPT PACKING pc=0x0000020207af8a44 sp=0x000000adca5ff180
Event: 0.685 Thread 0x000002026ddea800 DEOPT UNPACKING pc=0x000002020004912f sp=0x000000adca5ff088 mode 2
Event: 0.685 Thread 0x000002026ddea800 Uncommon trap: trap_request=0xffffff45 fr.pc=0x0000020207afd528 relative=0x0000000000000508
Event: 0.685 Thread 0x000002026ddea800 Uncommon trap: reason=unstable_if action=reinterpret pc=0x0000020207afd528 method=java.lang.AbstractStringBuilder.putStringAt(ILjava/lang/String;)V @ 8 c2
Event: 0.685 Thread 0x000002026ddea800 DEOPT PACKING pc=0x0000020207afd528 sp=0x000000adca5ff110
Event: 0.685 Thread 0x000002026ddea800 DEOPT UNPACKING pc=0x000002020004912f sp=0x000000adca5ff080 mode 2
Event: 0.685 Thread 0x000002026ddea800 Uncommon trap: trap_request=0xffffff45 fr.pc=0x0000020207ae8608 relative=0x0000000000000068
Event: 0.685 Thread 0x000002026ddea800 Uncommon trap: reason=unstable_if action=reinterpret pc=0x0000020207ae8608 method=java.lang.AbstractStringBuilder.isLatin1()Z @ 10 c2
Event: 0.685 Thread 0x000002026ddea800 DEOPT PACKING pc=0x0000020207ae8608 sp=0x000000adca5ff020
Event: 0.685 Thread 0x000002026ddea800 DEOPT UNPACKING pc=0x000002020004912f sp=0x000000adca5fefb0 mode 2
Event: 0.685 Thread 0x000002026ddea800 Uncommon trap: trap_request=0xffffff45 fr.pc=0x0000020207af7b40 relative=0x0000000000000100
Event: 0.685 Thread 0x000002026ddea800 Uncommon trap: reason=unstable_if action=reinterpret pc=0x0000020207af7b40 method=java.lang.String.getBytes([BIB)V @ 5 c2
Event: 0.685 Thread 0x000002026ddea800 DEOPT PACKING pc=0x0000020207af7b40 sp=0x000000adca5ff030
Event: 0.685 Thread 0x000002026ddea800 DEOPT UNPACKING pc=0x000002020004912f sp=0x000000adca5feff8 mode 2
Event: 0.691 Thread 0x000002026ddea800 Uncommon trap: trap_request=0xffffff54 fr.pc=0x0000020207b03f88 relative=0x0000000000000068
Event: 0.691 Thread 0x000002026ddea800 Uncommon trap: reason=speculate_null_assert action=make_not_entrant pc=0x0000020207b03f88 method=sun.misc.Unsafe.getLong(Ljava/lang/Object;J)J @ 5 c2
Event: 0.691 Thread 0x000002026ddea800 DEOPT PACKING pc=0x0000020207b03f88 sp=0x000000adca5ff410
Event: 0.691 Thread 0x000002026ddea800 DEOPT UNPACKING pc=0x000002020004912f sp=0x000000adca5ff398 mode 2

Classes unloaded (0 events):
No events

Classes redefined (0 events):
No events

Internal exceptions (11 events):
Event: 0.196 Thread 0x000002026ddea800 Exception <a 'java/lang/NoSuchMethodError'{0x000000072e7e0b18}: 'void java.lang.invoke.DelegatingMethodHandle$Holder.delegate(java.lang.Object, java.lang.Object, int, java.lang.Object)'> (0x000000072e7e0b18) 
thrown [./open/src/hotspot/share/interpreter/linkResolver.cpp, line 766]
Event: 0.197 Thread 0x000002026ddea800 Exception <a 'java/lang/NoSuchMethodError'{0x000000072e7e7620}: 'java.lang.Object java.lang.invoke.DirectMethodHandle$Holder.invokeStaticInit(java.lang.Object, java.lang.Object, java.lang.Object)'> (0x000000072e7e7620) 
thrown [./open/src/hotspot/share/interpreter/linkResolver.cpp, line 766]
Event: 0.229 Thread 0x000002026ddea800 Exception <a 'sun/nio/fs/WindowsException'{0x000000072e659c80}> (0x000000072e659c80) 
thrown [./open/src/hotspot/share/prims/jni.cpp, line 599]
Event: 0.229 Thread 0x000002026ddea800 Exception <a 'sun/nio/fs/WindowsException'{0x000000072e65a1d8}> (0x000000072e65a1d8) 
thrown [./open/src/hotspot/share/prims/jni.cpp, line 599]
Event: 0.252 Thread 0x000002026ddea800 Exception <a 'sun/nio/fs/WindowsException'{0x000000072e538ac0}> (0x000000072e538ac0) 
thrown [./open/src/hotspot/share/prims/jni.cpp, line 599]
Event: 0.252 Thread 0x000002026ddea800 Exception <a 'sun/nio/fs/WindowsException'{0x000000072e538e30}> (0x000000072e538e30) 
thrown [./open/src/hotspot/share/prims/jni.cpp, line 599]
Event: 0.514 Thread 0x000002026ddea800 Exception <a 'sun/nio/fs/WindowsException'{0x000000072e419dd8}> (0x000000072e419dd8) 
thrown [./open/src/hotspot/share/prims/jni.cpp, line 599]
Event: 0.514 Thread 0x000002026ddea800 Exception <a 'sun/nio/fs/WindowsException'{0x000000072e41a188}> (0x000000072e41a188) 
thrown [./open/src/hotspot/share/prims/jni.cpp, line 599]
Event: 0.518 Thread 0x000002026ddea800 Exception <a 'sun/nio/fs/WindowsException'{0x000000072e444ec8}> (0x000000072e444ec8) 
thrown [./open/src/hotspot/share/prims/jni.cpp, line 599]
Event: 0.518 Thread 0x000002026ddea800 Exception <a 'sun/nio/fs/WindowsException'{0x000000072e4451b0}> (0x000000072e4451b0) 
thrown [./open/src/hotspot/share/prims/jni.cpp, line 599]
Event: 0.672 Thread 0x000002026ddea800 Exception <a 'java/lang/NoSuchMethodError'{0x000000072e793758}: 'int java.lang.invoke.DirectMethodHandle$Holder.invokeSpecialIFC(java.lang.Object, java.lang.Object, int)'> (0x000000072e793758) 
thrown [./open/src/hotspot/share/interpreter/linkResolver.cpp, line 766]

Events (20 events):
Event: 0.671 loading class sun/net/ProgressMonitor
Event: 0.671 loading class sun/net/ProgressMonitor done
Event: 0.671 loading class sun/net/DefaultProgressMeteringPolicy
Event: 0.671 loading class sun/net/ProgressMeteringPolicy
Event: 0.671 loading class sun/net/ProgressMeteringPolicy done
Event: 0.671 loading class sun/net/DefaultProgressMeteringPolicy done
Event: 0.671 loading class java/util/Scanner
Event: 0.671 loading class java/util/Scanner done
Event: 0.671 Executing VM operation: HandshakeOneThread
Event: 0.671 Executing VM operation: HandshakeOneThread done
Event: 0.674 loading class java/util/Scanner$PatternLRUCache
Event: 0.674 loading class java/util/Scanner$PatternLRUCache done
Event: 0.676 loading class jdk/internal/module/ModulePatcher$PatchedModuleReader
Event: 0.676 loading class jdk/internal/module/ModulePatcher$PatchedModuleReader done
Event: 0.676 loading class sun/net/www/protocol/jrt/Handler
Event: 0.676 loading class sun/net/www/protocol/jrt/Handler done
Event: 0.681 loading class sun/text/resources/cldr/FormatData_en_US
Event: 0.681 loading class sun/text/resources/cldr/FormatData_en_US done
Event: 0.686 Executing VM operation: HandshakeOneThread
Event: 0.686 Executing VM operation: HandshakeOneThread done


Dynamic libraries:
0x00007ff658aa0000 - 0x00007ff658aaf000 	C:\Program Files\Java\jdk-14.0.2\bin\java.exe
0x00007ff9ed350000 - 0x00007ff9ed545000 	C:\Windows\SYSTEM32\ntdll.dll
0x00007ff9ed1b0000 - 0x00007ff9ed26d000 	C:\Windows\System32\KERNEL32.DLL
0x00007ff9eac50000 - 0x00007ff9eaf17000 	C:\Windows\System32\KERNELBASE.dll
0x00007ff9eab50000 - 0x00007ff9eac50000 	C:\Windows\System32\ucrtbase.dll
0x00007ff9e3180000 - 0x00007ff9e3198000 	C:\Program Files\Java\jdk-14.0.2\bin\jli.dll
0x00007ff9eb790000 - 0x00007ff9eb83a000 	C:\Windows\System32\ADVAPI32.dll
0x00007ff9ed270000 - 0x00007ff9ed30e000 	C:\Windows\System32\msvcrt.dll
0x00007ff9eb840000 - 0x00007ff9eb8db000 	C:\Windows\System32\sechost.dll
0x00007ff9eb600000 - 0x00007ff9eb723000 	C:\Windows\System32\RPCRT4.dll
0x00007ff9db8d0000 - 0x00007ff9db8e5000 	C:\Program Files\Java\jdk-14.0.2\bin\VCRUNTIME140.dll
0x00007ff9ec7e0000 - 0x00007ff9ec980000 	C:\Windows\System32\USER32.dll
0x00007ff9eaf20000 - 0x00007ff9eaf42000 	C:\Windows\System32\win32u.dll
0x00007ff9eb8f0000 - 0x00007ff9eb91a000 	C:\Windows\System32\GDI32.dll
0x00007ff9eafb0000 - 0x00007ff9eb0ba000 	C:\Windows\System32\gdi32full.dll
0x00007ff9eb320000 - 0x00007ff9eb3bd000 	C:\Windows\System32\msvcp_win.dll
0x00007ff9dd6f0000 - 0x00007ff9dd98a000 	C:\Windows\WinSxS\amd64_microsoft.windows.common-controls_6595b64144ccf1df_6.0.19041.1_none_b555e41d4684ddec\COMCTL32.dll
0x00007ff9dfd00000 - 0x00007ff9dfd0a000 	C:\Windows\SYSTEM32\VERSION.dll
0x00007ff9eb5d0000 - 0x00007ff9eb600000 	C:\Windows\System32\IMM32.DLL
0x00007ff9c6a50000 - 0x00007ff9c6aeb000 	C:\Program Files\Java\jdk-14.0.2\bin\msvcp140.dll
0x00007ff99f2e0000 - 0x00007ff99fdfe000 	C:\Program Files\Java\jdk-14.0.2\bin\server\jvm.dll
0x00007ff9ebf00000 - 0x00007ff9ebf08000 	C:\Windows\System32\PSAPI.DLL
0x00007ff9e5c80000 - 0x00007ff9e5c89000 	C:\Windows\SYSTEM32\WSOCK32.dll
0x00007ff9ebe10000 - 0x00007ff9ebe7b000 	C:\Windows\System32\WS2_32.dll
0x00007ff9dfd10000 - 0x00007ff9dfd37000 	C:\Windows\SYSTEM32\WINMM.dll
0x00007ff9e8a40000 - 0x00007ff9e8a53000 	C:\Windows\SYSTEM32\kernel.appcore.dll
0x00007ff9e31b0000 - 0x00007ff9e31ba000 	C:\Program Files\Java\jdk-14.0.2\bin\jimage.dll
0x00007ff9e4b50000 - 0x00007ff9e4d34000 	C:\Windows\SYSTEM32\DBGHELP.DLL
0x00007ff9e3f50000 - 0x00007ff9e3f7c000 	C:\Windows\SYSTEM32\dbgcore.DLL
0x00007ff9eaad0000 - 0x00007ff9eab4f000 	C:\Windows\System32\bcryptPrimitives.dll
0x00007ff9dbc60000 - 0x00007ff9dbc6e000 	C:\Program Files\Java\jdk-14.0.2\bin\instrument.dll
0x00007ff9db360000 - 0x00007ff9db385000 	C:\Program Files\Java\jdk-14.0.2\bin\java.dll
0x00007ff9db2d0000 - 0x00007ff9db2e6000 	C:\Program Files\Java\jdk-14.0.2\bin\zip.dll
0x00007ff9ec090000 - 0x00007ff9ec7d0000 	C:\Windows\System32\SHELL32.dll
0x00007ff9e8c40000 - 0x00007ff9e93d1000 	C:\Windows\SYSTEM32\windows.storage.dll
0x00007ff9ecb10000 - 0x00007ff9ece63000 	C:\Windows\System32\combase.dll
0x00007ff9ea520000 - 0x00007ff9ea54c000 	C:\Windows\SYSTEM32\Wldp.dll
0x00007ff9ec980000 - 0x00007ff9eca2e000 	C:\Windows\System32\SHCORE.dll
0x00007ff9ebe80000 - 0x00007ff9ebed5000 	C:\Windows\System32\shlwapi.dll
0x00007ff9ea9e0000 - 0x00007ff9ea9ff000 	C:\Windows\SYSTEM32\profapi.dll
0x00007ff9db250000 - 0x00007ff9db269000 	C:\Program Files\Java\jdk-14.0.2\bin\net.dll
0x00007ff9e2b40000 - 0x00007ff9e2c40000 	C:\Windows\SYSTEM32\WINHTTP.dll
0x00007ff9ea2a0000 - 0x00007ff9ea30a000 	C:\Windows\system32\mswsock.dll
0x00007ff9db230000 - 0x00007ff9db242000 	C:\Program Files\Java\jdk-14.0.2\bin\nio.dll
0x00007ff9daff0000 - 0x00007ff9db00a000 	C:\Program Files\JetBrains\IntelliJ IDEA Community Edition 2020.2\bin\breakgen64.dll
0x00007ff9d7780000 - 0x00007ff9d77e4000 	C:\Users\jorda\AppData\Local\Temp\lwjgljorda\3.2.3-build-13\lwjgl.dll
0x00007ff9d3d80000 - 0x00007ff9d3de2000 	C:\Users\jorda\AppData\Local\Temp\lwjgljorda\3.2.3-build-13\glfw.dll
0x00007ff9e84e0000 - 0x00007ff9e857f000 	C:\Windows\system32\uxtheme.dll
0x00007ff9d8620000 - 0x00007ff9d8665000 	C:\Windows\SYSTEM32\dinput8.dll
0x00007ff9d8e30000 - 0x00007ff9d8e41000 	C:\Windows\SYSTEM32\xinput1_4.dll
0x00007ff9eb220000 - 0x00007ff9eb26d000 	C:\Windows\System32\cfgmgr32.dll
0x00007ff9ea860000 - 0x00007ff9ea88c000 	C:\Windows\SYSTEM32\DEVOBJ.dll
0x00007ff9e8750000 - 0x00007ff9e877f000 	C:\Windows\SYSTEM32\dwmapi.dll
0x00007ff9d9610000 - 0x00007ff9d9762000 	C:\Windows\SYSTEM32\inputhost.dll
0x00007ff9ebfc0000 - 0x00007ff9ec08d000 	C:\Windows\System32\OLEAUT32.dll
0x00007ff9e8180000 - 0x00007ff9e8272000 	C:\Windows\SYSTEM32\CoreMessaging.dll
0x00007ff9e66c0000 - 0x00007ff9e67b5000 	C:\Windows\SYSTEM32\PROPSYS.dll
0x00007ff9e7750000 - 0x00007ff9e78a6000 	C:\Windows\SYSTEM32\wintypes.dll
0x00007ff9e7e20000 - 0x00007ff9e817a000 	C:\Windows\SYSTEM32\CoreUIComponents.dll
0x00007ff9e9930000 - 0x00007ff9e9963000 	C:\Windows\SYSTEM32\ntmarta.dll
0x00007ff9ecfa0000 - 0x00007ff9ed0b5000 	C:\Windows\System32\MSCTF.dll
0x00007ff9e93e0000 - 0x00007ff9e93ed000 	C:\Windows\SYSTEM32\HID.DLL
0x00007ff9eb9a0000 - 0x00007ff9ebe07000 	C:\Windows\System32\SETUPAPI.DLL
0x00007ff9eaaa0000 - 0x00007ff9eaac7000 	C:\Windows\System32\bcrypt.dll
0x00007ff9eaf50000 - 0x00007ff9eafb0000 	C:\Windows\System32\WINTRUST.dll
0x00007ff9eb0c0000 - 0x00007ff9eb21d000 	C:\Windows\System32\CRYPT32.dll
0x00007ff9ea6a0000 - 0x00007ff9ea6b2000 	C:\Windows\SYSTEM32\MSASN1.dll
0x00007ff9bcd40000 - 0x00007ff9bce9c000 	C:\Windows\SYSTEM32\opengl32.dll
0x00007ff9c70b0000 - 0x00007ff9c70dc000 	C:\Windows\SYSTEM32\GLU32.dll
0x00007ff9c2b20000 - 0x00007ff9c2b4a000 	C:\Windows\System32\DriverStore\FileRepository\u0357776.inf_amd64_5cb88e05332b51cb\B357669\atig6pxx.dll
0x00007ff9ad6a0000 - 0x00007ff9b03b2000 	C:\Windows\System32\DriverStore\FileRepository\u0357776.inf_amd64_5cb88e05332b51cb\B357669\atio6axx.dll
0x00007ff9ece70000 - 0x00007ff9ecf99000 	C:\Windows\System32\ole32.dll
0x00007ff9cde60000 - 0x00007ff9cde84000 	C:\Windows\SYSTEM32\dxva2.dll
0x00007ff9c4df0000 - 0x00007ff9c4e2c000 	C:\Windows\System32\DriverStore\FileRepository\u0357776.inf_amd64_5cb88e05332b51cb\B357669\atig6txx.dll
0x00007ff9bc810000 - 0x00007ff9bc9cc000 	C:\Windows\SYSTEM32\atiadlxx.dll
0x00007ff9e0090000 - 0x00007ff9e00cb000 	C:\Windows\SYSTEM32\dxcore.dll
0x00007ff9d98a0000 - 0x00007ff9d999c000 	C:\Windows\SYSTEM32\textinputframework.dll
0x00007ff9c8090000 - 0x00007ff9c80e9000 	C:\Users\jorda\AppData\Local\Temp\lwjgljorda\3.2.3-build-13\lwjgl_opengl.dll

dbghelp: loaded successfully - version: 4.0.5 - missing functions: none
symbol engine: initialized successfully - sym options: 0x614 - pdb path: .;C:\Program Files\Java\jdk-14.0.2\bin;C:\Windows\SYSTEM32;C:\Windows\WinSxS\amd64_microsoft.windows.common-controls_6595b64144ccf1df_6.0.19041.1_none_b555e41d4684ddec;C:\Program Files\Java\jdk-14.0.2\bin\server;C:\Program Files\JetBrains\IntelliJ IDEA Community Edition 2020.2\bin;C:\Users\jorda\AppData\Local\Temp\lwjgljorda\3.2.3-build-13;C:\Windows\System32\DriverStore\FileRepository\u0357776.inf_amd64_5cb88e05332b51cb\B357669

VM Arguments:
jvm_args: -javaagent:C:\Program Files\JetBrains\IntelliJ IDEA Community Edition 2020.2\lib\idea_rt.jar=57176:C:\Program Files\JetBrains\IntelliJ IDEA Community Edition 2020.2\bin -Dfile.encoding=UTF-8 
java_command: game.Main
java_class_path (initial): C:\Users\jorda\Desktop\lwjgltest\out\production\lwjgltest;C:\Users\jorda\Desktop\lwjgltest\lib\lwjgl.jar;C:\Users\jorda\Desktop\lwjgltest\lib\lwjgl-par.jar;C:\Users\jorda\Desktop\lwjgltest\lib\lwjgl-stb.jar;C:\Users\jorda\Desktop\lwjgltest\lib\lwjgl-bgfx.jar;C:\Users\jorda\Desktop\lwjgltest\lib\lwjgl-glfw.jar;C:\Users\jorda\Desktop\lwjgltest\lib\joml-1.9.25.jar;C:\Users\jorda\Desktop\lwjgltest\lib\lwjgl-assimp.jar;C:\Users\jorda\Desktop\lwjgltest\lib\lwjgl-nanovg.jar;C:\Users\jorda\Desktop\lwjgltest\lib\lwjgl-openal.jar;C:\Users\jorda\Desktop\lwjgltest\lib\lwjgl-opengl.jar;C:\Users\jorda\Desktop\lwjgltest\lib\lwjgl-vulkan.jar;C:\Users\jorda\Desktop\lwjgltest\lib\lwjgl-javadoc.jar;C:\Users\jorda\Desktop\lwjgltest\lib\lwjgl-nuklear.jar;C:\Users\jorda\Desktop\lwjgltest\lib\lwjgl-sources.jar;C:\Users\jorda\Desktop\lwjgltest\lib\lwjgl-par-javadoc.jar;C:\Users\jorda\Desktop\lwjgltest\lib\lwjgl-par-sources.jar;C:\Users\jorda\Desktop\lwjgltest\lib\lwjgl-stb-javadoc.jar;C:\Users\jorda\Desktop\lwjgltest\lib\lwjgl-stb-sources.jar;C:\Users\jorda\Desktop\lwjgltest\lib\lwjgl-bgfx-javadoc.jar;C:\Users\jorda\Desktop\lwjgltest\lib\lwjgl-bgfx-sources.jar;C:\Users\jorda\Desktop\lwjgltest\lib\lwjgl-glfw-javadoc.jar;C:\Users\jorda\Desktop\lwjgltest\lib\lwjgl-glfw-sources.jar;C:\Users\jorda\Desktop\lwjgltest\lib\joml-1.9.25-javadoc.jar;C:\Users\jorda\Desktop\lwjgltest\lib\joml-1.9.25-sources.jar;C:\Users\jorda\Desktop\lwjgltest\lib\lwjgl-assimp-javadoc.jar;C:\Users\jorda\Desktop\lwjgltest\lib\lwjgl-assimp-sources.jar;C:\Users\jorda\Desktop\lwjgltest\lib\lwjgl-nanovg-javadoc.jar;C:\Users\jorda\Desktop\lwjgltest\lib\lwjgl-nanovg-sources.jar;C:\Users\jorda\Desktop\lwjgltest\lib\lwjgl-openal-javadoc.jar;C:\Users\jorda\Desktop\lwjgltest\lib\lwjgl-openal-sources.jar;C:\Users\jorda\Desktop\lwjgltest\lib\lwjgl-opengl-javadoc.jar;C:\Users\jorda\Desktop\lwjgltest\lib\lwjgl-opengl-sources.jar;C:\Users\jorda\Desktop\lwjgltest\lib\lwjgl-vulkan-javadoc.jar;C:\Users\jorda\D
Launcher Type: SUN_STANDARD

[Global flags]
     intx CICompilerCount                          = 3                                         {product} {ergonomic}
     uint ConcGCThreads                            = 1                                         {product} {ergonomic}
     uint G1ConcRefinementThreads                  = 4                                         {product} {ergonomic}
   size_t G1HeapRegionSize                         = 1048576                                   {product} {ergonomic}
    uintx GCDrainStackTargetSize                   = 64                                        {product} {ergonomic}
   size_t InitialHeapSize                          = 234881024                                 {product} {ergonomic}
   size_t MarkStackSize                            = 4194304                                   {product} {ergonomic}
   size_t MaxHeapSize                              = 3745513472                                {product} {ergonomic}
   size_t MaxNewSize                               = 2247098368                                {product} {ergonomic}
   size_t MinHeapDeltaBytes                        = 1048576                                   {product} {ergonomic}
   size_t MinHeapSize                              = 8388608                                   {product} {ergonomic}
    uintx NonNMethodCodeHeapSize                   = 5832780                                {pd product} {ergonomic}
    uintx NonProfiledCodeHeapSize                  = 122912730                              {pd product} {ergonomic}
    uintx ProfiledCodeHeapSize                     = 122912730                              {pd product} {ergonomic}
    uintx ReservedCodeCacheSize                    = 251658240                              {pd product} {ergonomic}
     bool SegmentedCodeCache                       = true                                      {product} {ergonomic}
   size_t SoftMaxHeapSize                          = 3745513472                             {manageable} {ergonomic}
     bool UseCompressedClassPointers               = true                                 {lp64_product} {ergonomic}
     bool UseCompressedOops                        = true                                 {lp64_product} {ergonomic}
     bool UseG1GC                                  = true                                      {product} {ergonomic}
     bool UseLargePagesIndividualAllocation        = false                                  {pd product} {ergonomic}

Logging:
Log output configuration:
 #0: stdout all=warning uptime,level,tags
 #1: stderr all=off uptime,level,tags

Environment Variables:
PATH=C:\Program Files (x86)\Common Files\Oracle\Java\javapath;C:\Windows\system32;C:\Windows;C:\Windows\System32\Wbem;C:\Windows\System32\WindowsPowerShell\v1.0\;C:\Windows\System32\OpenSSH\;C:\Program Files\Git\cmd;C:\Users\jorda\AppData\Local\Microsoft\WindowsApps;C:\Users\jorda\AppData\Local\GitHubDesktop\bin
USERNAME=jorda
OS=Windows_NT
PROCESSOR_IDENTIFIER=AMD64 Family 23 Model 24 Stepping 1, AuthenticAMD



---------------  S Y S T E M  ---------------

OS: Windows 10 , 64 bit Build 19041 (10.0.19041.292)
OS uptime: 5 days 15:44 hours

CPU:total 4 (initial active 4) (4 cores per cpu, 1 threads per core) family 23 model 24 stepping 1, cmov, cx8, fxsr, mmx, sse, sse2, sse3, ssse3, sse4.1, sse4.2, popcnt, avx, avx2, aes, clmul, mmxext, 3dnowpref, lzcnt, sse4a, tsc, tscinvbit, tscinv, bmi1, bmi2, adx, sha, fma

Memory: 4k page, system-wide physical 14284M (9023M free)
TotalPageFile size 18466M (AvailPageFile size 7557M)
current process WorkingSet (physical memory assigned to process): 97M, peak: 98M
current process commit charge ("private bytes"): 381M, peak: 381M

vm_info: Java HotSpot(TM) 64-Bit Server VM (14.0.2+12-46) for windows-amd64 JRE (14.0.2+12-46), built on Jul  9 2020 00:35:52 by "mach5one" with MS VC++ 15.9 (VS2017)

END.
